<testsuites id="" name="" tests="37" failures="11" skipped="10" errors="0" time="21.669802999999998">
<testsuite name="foundation\app-initialization.spec.ts" timestamp="2025-09-07T17:38:05.880Z" hostname="foundation-tests" tests="7" failures="4" skipped="0" time="36.921" errors="0">
<testcase name="Foundation: App Initialization › should initialize app and load core data successfully" classname="foundation\app-initialization.spec.ts" time="5.377">
<failure message="app-initialization.spec.ts:19:7 should initialize app and load core data successfully" type="FAILURE">
<![CDATA[  [foundation-tests] › foundation\app-initialization.spec.ts:19:7 › Foundation: App Initialization › should initialize app and load core data successfully 

    Error: expect(received).toBe(expected) // Object.is equality

    Expected: true
    Received: false

      45 |     // Verify translation system
      46 |     const translationsWorking = await verifyTranslationSystem(page, tracker);
    > 47 |     expect(translationsWorking).toBe(true);
         |                                 ^
      48 |     
      49 |     // Check for any console errors
      50 |     const report = tracker.generateReport();
        at C:\Users\pbziu\OneDrive\Dokumente\Development\blamegame\tests\foundation\app-initialization.spec.ts:47:33

    attachment #1: screenshot (image/png) ──────────────────────────────────────────────────────────
    ..\test-results\foundation-app-initializat-325fb-load-core-data-successfully-foundation-tests\test-failed-1.png
    ────────────────────────────────────────────────────────────────────────────────────────────────

    attachment #2: video (video/webm) ──────────────────────────────────────────────────────────────
    ..\test-results\foundation-app-initializat-325fb-load-core-data-successfully-foundation-tests\video.webm
    ────────────────────────────────────────────────────────────────────────────────────────────────

    Error Context: ..\test-results\foundation-app-initializat-325fb-load-core-data-successfully-foundation-tests\error-context.md
]]>
</failure>
<system-out>
<![CDATA[🎯 USER ACTION: Navigate to app
🔄 STATE CHANGE: 🔄 useQuestions: Loading data for language: de
🔄 STATE CHANGE: 🔄 useQuestions: Starting loadAllData
🔄 STATE CHANGE: 🔄 useQuestions: Loading data for language: de
🔄 STATE CHANGE: 🔄 useQuestions: Starting loadAllData
🔄 STATE CHANGE: 🔄 useQuestions: Categories loaded: 33
🔄 STATE CHANGE: 🔄 useQuestions: Proceeding to load questions
🔄 STATE CHANGE: 🔄 loadQuestions: Starting with language: de, categories: 33
🔄 STATE CHANGE: 🔄 loadQuestions: Calling loadQuestionsFromJson
🔄 STATE CHANGE: 🔄 useQuestions: Categories loaded: 33
🔄 STATE CHANGE: 🔄 useQuestions: Proceeding to load questions
🔄 STATE CHANGE: 🔄 loadQuestions: Starting with language: de, categories: 33
🔄 STATE CHANGE: 🔄 loadQuestions: Calling loadQuestionsFromJson
🔄 STATE CHANGE: 🔄 loadQuestions: Received 1029 questions from JSON
🔄 STATE CHANGE: 🔄 useQuestions: Questions loading completed
🔄 STATE CHANGE: 🔄 loadQuestions: Received 1029 questions from JSON
🔄 STATE CHANGE: 🔄 useQuestions: Questions loading completed
⚡ PERFORMANCE: loadTime = 1875ms
🎯 USER ACTION: Verify app title
🎮 GAME LOGIC: App container rendered
📸 SCREENSHOT: app-initialization-basic-initial-load-1757266692950.png
🌐 DATA FLOW: Questions loaded
   Data: Questions available in window.gameQuestions
🌐 DATA FLOW: Translation system check
   Data: { translationsLoaded: [33mfalse[39m }

[[ATTACHMENT|..\test-results\foundation-app-initializat-325fb-load-core-data-successfully-foundation-tests\test-failed-1.png]]

[[ATTACHMENT|..\test-results\foundation-app-initializat-325fb-load-core-data-successfully-foundation-tests\video.webm]]

[[ATTACHMENT|..\test-results\foundation-app-initializat-325fb-load-core-data-successfully-foundation-tests\error-context.md]]
]]>
</system-out>
</testcase>
<testcase name="Foundation: App Initialization › should load all required question categories" classname="foundation\app-initialization.spec.ts" time="5.246">
<system-out>
<![CDATA[🔄 STATE CHANGE: 🔄 useQuestions: Loading data for language: de
🔄 STATE CHANGE: 🔄 useQuestions: Starting loadAllData
🔄 STATE CHANGE: 🔄 useQuestions: Loading data for language: de
🔄 STATE CHANGE: 🔄 useQuestions: Starting loadAllData
🔄 STATE CHANGE: 🔄 useQuestions: Categories loaded: 33
🔄 STATE CHANGE: 🔄 useQuestions: Proceeding to load questions
🔄 STATE CHANGE: 🔄 loadQuestions: Starting with language: de, categories: 33
🔄 STATE CHANGE: 🔄 loadQuestions: Calling loadQuestionsFromJson
🔄 STATE CHANGE: 🔄 useQuestions: Categories loaded: 33
🔄 STATE CHANGE: 🔄 useQuestions: Proceeding to load questions
🔄 STATE CHANGE: 🔄 loadQuestions: Starting with language: de, categories: 33
🔄 STATE CHANGE: 🔄 loadQuestions: Calling loadQuestionsFromJson
🔄 STATE CHANGE: 🔄 loadQuestions: Received 1029 questions from JSON
🔄 STATE CHANGE: 🔄 useQuestions: Questions loading completed
🔄 STATE CHANGE: 🔄 loadQuestions: Received 1029 questions from JSON
🔄 STATE CHANGE: 🔄 useQuestions: Questions loading completed
⚡ PERFORMANCE: loadTime = 1898ms
🌐 DATA FLOW: Waiting for categories to load
🌐 DATA FLOW: Categories loaded
   Data: { count: [33m33[39m }
🌐 DATA FLOW: Category structure validation passed
📊 TEST REPORT: app-initialization-categories
   Duration: 3045ms
   User Actions: 0
   State Changes: 0
   Errors: 0
   Screenshots: 0
   Avg Interaction Time: 0ms
]]>
</system-out>
</testcase>
<testcase name="Foundation: App Initialization › should load sufficient questions for gameplay" classname="foundation\app-initialization.spec.ts" time="5.095">
<system-out>
<![CDATA[🔄 STATE CHANGE: 🔄 useQuestions: Loading data for language: de
🔄 STATE CHANGE: 🔄 useQuestions: Starting loadAllData
🔄 STATE CHANGE: 🔄 useQuestions: Loading data for language: de
🔄 STATE CHANGE: 🔄 useQuestions: Starting loadAllData
🔄 STATE CHANGE: 🔄 useQuestions: Categories loaded: 33
🔄 STATE CHANGE: 🔄 useQuestions: Proceeding to load questions
🔄 STATE CHANGE: 🔄 loadQuestions: Starting with language: de, categories: 33
🔄 STATE CHANGE: 🔄 loadQuestions: Calling loadQuestionsFromJson
🔄 STATE CHANGE: 🔄 useQuestions: Categories loaded: 33
🔄 STATE CHANGE: 🔄 useQuestions: Proceeding to load questions
🔄 STATE CHANGE: 🔄 loadQuestions: Starting with language: de, categories: 33
🔄 STATE CHANGE: 🔄 loadQuestions: Calling loadQuestionsFromJson
🔄 STATE CHANGE: 🔄 loadQuestions: Received 1029 questions from JSON
🔄 STATE CHANGE: 🔄 useQuestions: Questions loading completed
🔄 STATE CHANGE: 🔄 loadQuestions: Received 1029 questions from JSON
🔄 STATE CHANGE: 🔄 useQuestions: Questions loading completed
⚡ PERFORMANCE: loadTime = 1895ms
🌐 DATA FLOW: Questions loaded
   Data: Questions available in window.gameQuestions
🌐 DATA FLOW: Total questions loaded
   Data: { count: [33m1029[39m }
🌐 DATA FLOW: Question structure validation passed
📊 TEST REPORT: app-initialization-questions
   Duration: 3034ms
   User Actions: 0
   State Changes: 0
   Errors: 0
   Screenshots: 0
   Avg Interaction Time: 0ms
]]>
</system-out>
</testcase>
<testcase name="Foundation: App Initialization › should handle network failures gracefully" classname="foundation\app-initialization.spec.ts" time="2.564">
<failure message="app-initialization.spec.ts:132:7 should handle network failures gracefully" type="FAILURE">
<![CDATA[  [foundation-tests] › foundation\app-initialization.spec.ts:132:7 › Foundation: App Initialization › should handle network failures gracefully 

    Error: page.goto: net::ERR_INTERNET_DISCONNECTED at http://localhost:5173/
    Call log:
      - navigating to "http://localhost:5173/", waiting until "load"


      137 |     tracker.logDataFlow('Network set to offline');
      138 |     
    > 139 |     await page.goto('/');
          |                ^
      140 |     
      141 |     // App should still load basic structure even offline
      142 |     await expect(page.locator('body')).toBeVisible();
        at C:\Users\pbziu\OneDrive\Dokumente\Development\blamegame\tests\foundation\app-initialization.spec.ts:139:16

    attachment #1: screenshot (image/png) ──────────────────────────────────────────────────────────
    ..\test-results\foundation-app-initializat-6eb0b-network-failures-gracefully-foundation-tests\test-failed-1.png
    ────────────────────────────────────────────────────────────────────────────────────────────────

    attachment #2: video (video/webm) ──────────────────────────────────────────────────────────────
    ..\test-results\foundation-app-initializat-6eb0b-network-failures-gracefully-foundation-tests\video.webm
    ────────────────────────────────────────────────────────────────────────────────────────────────

    Error Context: ..\test-results\foundation-app-initializat-6eb0b-network-failures-gracefully-foundation-tests\error-context.md
]]>
</failure>
<system-out>
<![CDATA[🌐 DATA FLOW: Network set to offline

[[ATTACHMENT|..\test-results\foundation-app-initializat-6eb0b-network-failures-gracefully-foundation-tests\test-failed-1.png]]

[[ATTACHMENT|..\test-results\foundation-app-initializat-6eb0b-network-failures-gracefully-foundation-tests\video.webm]]

[[ATTACHMENT|..\test-results\foundation-app-initializat-6eb0b-network-failures-gracefully-foundation-tests\error-context.md]]
]]>
</system-out>
</testcase>
<testcase name="Foundation: App Initialization › should initialize with correct default settings" classname="foundation\app-initialization.spec.ts" time="5.13">
<system-out>
<![CDATA[🔄 STATE CHANGE: 🔄 useQuestions: Loading data for language: de
🔄 STATE CHANGE: 🔄 useQuestions: Starting loadAllData
🔄 STATE CHANGE: 🔄 useQuestions: Loading data for language: de
🔄 STATE CHANGE: 🔄 useQuestions: Starting loadAllData
🔄 STATE CHANGE: 🔄 useQuestions: Categories loaded: 33
🔄 STATE CHANGE: 🔄 useQuestions: Proceeding to load questions
🔄 STATE CHANGE: 🔄 loadQuestions: Starting with language: de, categories: 33
🔄 STATE CHANGE: 🔄 loadQuestions: Calling loadQuestionsFromJson
🔄 STATE CHANGE: 🔄 useQuestions: Categories loaded: 33
🔄 STATE CHANGE: 🔄 useQuestions: Proceeding to load questions
🔄 STATE CHANGE: 🔄 loadQuestions: Starting with language: de, categories: 33
🔄 STATE CHANGE: 🔄 loadQuestions: Calling loadQuestionsFromJson
🔄 STATE CHANGE: 🔄 loadQuestions: Received 1029 questions from JSON
🔄 STATE CHANGE: 🔄 useQuestions: Questions loading completed
🔄 STATE CHANGE: 🔄 loadQuestions: Received 1029 questions from JSON
🔄 STATE CHANGE: 🔄 useQuestions: Questions loading completed
⚡ PERFORMANCE: loadTime = 1899ms
💾 PERSISTENCE: localStorage read (gameSettings)
💾 PERSISTENCE: Default settings loaded (gameSettings)
💾 PERSISTENCE: localStorage read (soundSettings)
📊 TEST REPORT: app-initialization-default-settings
   Duration: 2989ms
   User Actions: 0
   State Changes: 0
   Errors: 0
   Screenshots: 0
   Avg Interaction Time: 0ms
]]>
</system-out>
</testcase>
<testcase name="Foundation: App Initialization › should recover from corrupted localStorage" classname="foundation\app-initialization.spec.ts" time="2.625">
<failure message="app-initialization.spec.ts:196:7 should recover from corrupted localStorage" type="FAILURE">
<![CDATA[  [foundation-tests] › foundation\app-initialization.spec.ts:196:7 › Foundation: App Initialization › should recover from corrupted localStorage 

    Error: page.evaluate: SecurityError: Failed to read the 'localStorage' property from 'Window': Access is denied for this document.
        at UtilityScript.evaluate (<anonymous>:293:16)
        at UtilityScript.<anonymous> (<anonymous>:1:44)
        at UtilityScript.evaluate (<anonymous>:293:16)
        at UtilityScript.<anonymous> (<anonymous>:1:44)
        at C:\Users\pbziu\OneDrive\Dokumente\Development\blamegame\tests\foundation\app-initialization.spec.ts:200:16

    attachment #1: screenshot (image/png) ──────────────────────────────────────────────────────────
    ..\test-results\foundation-app-initializat-f0ecd-from-corrupted-localStorage-foundation-tests\test-failed-1.png
    ────────────────────────────────────────────────────────────────────────────────────────────────

    attachment #2: video (video/webm) ──────────────────────────────────────────────────────────────
    ..\test-results\foundation-app-initializat-f0ecd-from-corrupted-localStorage-foundation-tests\video.webm
    ────────────────────────────────────────────────────────────────────────────────────────────────
]]>
</failure>
<system-out>
<![CDATA[
[[ATTACHMENT|..\test-results\foundation-app-initializat-f0ecd-from-corrupted-localStorage-foundation-tests\test-failed-1.png]]

[[ATTACHMENT|..\test-results\foundation-app-initializat-f0ecd-from-corrupted-localStorage-foundation-tests\video.webm]]
]]>
</system-out>
</testcase>
<testcase name="Foundation: App Initialization › should display intro screen with start button" classname="foundation\app-initialization.spec.ts" time="10.884">
<failure message="app-initialization.spec.ts:226:7 should display intro screen with start button" type="FAILURE">
<![CDATA[  [foundation-tests] › foundation\app-initialization.spec.ts:226:7 › Foundation: App Initialization › should display intro screen with start button 

    Error: expect(locator).toBeVisible() failed

    Locator:  locator('[data-testid="settings-button"]').or(getByRole('button', { name: /settings|einstellungen/i })).or(locator('button').filter({ hasText: /⚙️|settings/i })).first()
    Expected: visible
    Received: <element(s) not found>
    Timeout:  5000ms

    Call log:
      - Expect "toBeVisible" with timeout 5000ms
      - waiting for locator('[data-testid="settings-button"]').or(getByRole('button', { name: /settings|einstellungen/i })).or(locator('button').filter({ hasText: /⚙️|settings/i })).first()


      245 |       .or(page.locator('button').filter({ hasText: /⚙️|settings/i }));
      246 |     
    > 247 |     await expect(settingsButton.first()).toBeVisible();
          |                                          ^
      248 |     tracker.logUserAction('Settings button visible');
      249 |     
      250 |     // Take screenshot of intro screen
        at C:\Users\pbziu\OneDrive\Dokumente\Development\blamegame\tests\foundation\app-initialization.spec.ts:247:42

    attachment #1: screenshot (image/png) ──────────────────────────────────────────────────────────
    ..\test-results\foundation-app-initializat-6c687-ro-screen-with-start-button-foundation-tests\test-failed-1.png
    ────────────────────────────────────────────────────────────────────────────────────────────────

    attachment #2: video (video/webm) ──────────────────────────────────────────────────────────────
    ..\test-results\foundation-app-initializat-6c687-ro-screen-with-start-button-foundation-tests\video.webm
    ────────────────────────────────────────────────────────────────────────────────────────────────

    Error Context: ..\test-results\foundation-app-initializat-6c687-ro-screen-with-start-button-foundation-tests\error-context.md
]]>
</failure>
<system-out>
<![CDATA[🔄 STATE CHANGE: 🔄 useQuestions: Loading data for language: de
🔄 STATE CHANGE: 🔄 useQuestions: Starting loadAllData
🔄 STATE CHANGE: 🔄 useQuestions: Loading data for language: de
🔄 STATE CHANGE: 🔄 useQuestions: Starting loadAllData
🔄 STATE CHANGE: 🔄 useQuestions: Categories loaded: 33
🔄 STATE CHANGE: 🔄 useQuestions: Proceeding to load questions
🔄 STATE CHANGE: 🔄 loadQuestions: Starting with language: de, categories: 33
🔄 STATE CHANGE: 🔄 loadQuestions: Calling loadQuestionsFromJson
🔄 STATE CHANGE: 🔄 useQuestions: Categories loaded: 33
🔄 STATE CHANGE: 🔄 useQuestions: Proceeding to load questions
🔄 STATE CHANGE: 🔄 loadQuestions: Starting with language: de, categories: 33
🔄 STATE CHANGE: 🔄 loadQuestions: Calling loadQuestionsFromJson
🔄 STATE CHANGE: 🔄 loadQuestions: Received 1029 questions from JSON
🔄 STATE CHANGE: 🔄 useQuestions: Questions loading completed
🔄 STATE CHANGE: 🔄 loadQuestions: Received 1029 questions from JSON
🔄 STATE CHANGE: 🔄 useQuestions: Questions loading completed
⚡ PERFORMANCE: loadTime = 1876ms
🎯 USER ACTION: Game title visible
🎯 USER ACTION: Start button visible

[[ATTACHMENT|..\test-results\foundation-app-initializat-6c687-ro-screen-with-start-button-foundation-tests\test-failed-1.png]]

[[ATTACHMENT|..\test-results\foundation-app-initializat-6c687-ro-screen-with-start-button-foundation-tests\video.webm]]

[[ATTACHMENT|..\test-results\foundation-app-initializat-6c687-ro-screen-with-start-button-foundation-tests\error-context.md]]
]]>
</system-out>
</testcase>
</testsuite>
<testsuite name="foundation\audio-system.spec.ts" timestamp="2025-09-07T17:38:05.880Z" hostname="foundation-tests" tests="5" failures="1" skipped="0" time="25.771" errors="0">
<testcase name="Foundation: Audio System › should initialize audio system correctly" classname="foundation\audio-system.spec.ts" time="5.106">
<system-out>
<![CDATA[🔄 STATE CHANGE: 🔄 useQuestions: Loading data for language: de
🔄 STATE CHANGE: 🔄 useQuestions: Starting loadAllData
🔄 STATE CHANGE: 🔄 useQuestions: Loading data for language: de
🔄 STATE CHANGE: 🔄 useQuestions: Starting loadAllData
🔄 STATE CHANGE: 🔄 useQuestions: Categories loaded: 33
🔄 STATE CHANGE: 🔄 useQuestions: Proceeding to load questions
🔄 STATE CHANGE: 🔄 loadQuestions: Starting with language: de, categories: 33
🔄 STATE CHANGE: 🔄 loadQuestions: Calling loadQuestionsFromJson
🔄 STATE CHANGE: 🔄 useQuestions: Categories loaded: 33
🔄 STATE CHANGE: 🔄 useQuestions: Proceeding to load questions
🔄 STATE CHANGE: 🔄 loadQuestions: Starting with language: de, categories: 33
🔄 STATE CHANGE: 🔄 loadQuestions: Calling loadQuestionsFromJson
🔄 STATE CHANGE: 🔄 loadQuestions: Received 1029 questions from JSON
🔄 STATE CHANGE: 🔄 useQuestions: Questions loading completed
🔄 STATE CHANGE: 🔄 loadQuestions: Received 1029 questions from JSON
🔄 STATE CHANGE: 🔄 useQuestions: Questions loading completed
⚡ PERFORMANCE: loadTime = 1888ms
🎵 AUDIO: Audio system check
   Details: { audioEnabled: [33mfalse[39m }
🎵 AUDIO: Audio system availability check
   Details: { available: [33mfalse[39m }
🎵 AUDIO: Audio system not available in test environment
📊 TEST REPORT: audio-system-initialization
   Duration: 2979ms
   User Actions: 0
   State Changes: 0
   Errors: 0
   Screenshots: 0
   Avg Interaction Time: 0ms
]]>
</system-out>
</testcase>
<testcase name="Foundation: Audio System › should handle audio settings correctly" classname="foundation\audio-system.spec.ts" time="6.312">
<system-out>
<![CDATA[🔄 STATE CHANGE: 🔄 useQuestions: Loading data for language: de
🔄 STATE CHANGE: 🔄 useQuestions: Starting loadAllData
🔄 STATE CHANGE: 🔄 useQuestions: Loading data for language: de
🔄 STATE CHANGE: 🔄 useQuestions: Starting loadAllData
🔄 STATE CHANGE: 🔄 useQuestions: Categories loaded: 33
🔄 STATE CHANGE: 🔄 useQuestions: Proceeding to load questions
🔄 STATE CHANGE: 🔄 loadQuestions: Starting with language: de, categories: 33
🔄 STATE CHANGE: 🔄 loadQuestions: Calling loadQuestionsFromJson
🔄 STATE CHANGE: 🔄 useQuestions: Categories loaded: 33
🔄 STATE CHANGE: 🔄 useQuestions: Proceeding to load questions
🔄 STATE CHANGE: 🔄 loadQuestions: Starting with language: de, categories: 33
🔄 STATE CHANGE: 🔄 loadQuestions: Calling loadQuestionsFromJson
🔄 STATE CHANGE: 🔄 loadQuestions: Received 1029 questions from JSON
🔄 STATE CHANGE: 🔄 useQuestions: Questions loading completed
🔄 STATE CHANGE: 🔄 loadQuestions: Received 1029 questions from JSON
🔄 STATE CHANGE: 🔄 useQuestions: Questions loading completed
⚡ PERFORMANCE: loadTime = 1879ms
💾 PERSISTENCE: localStorage write (audioSettings)
   Value: { enabled: [33mtrue[39m, volume: [33m0.7[39m, effectsEnabled: [33mtrue[39m }
🎵 AUDIO: Audio settings saved
   Details: { enabled: [33mtrue[39m, volume: [33m0.7[39m, effectsEnabled: [33mtrue[39m }
🔄 STATE CHANGE: 🔄 useQuestions: Loading data for language: de
🔄 STATE CHANGE: 🔄 useQuestions: Starting loadAllData
🔄 STATE CHANGE: 🔄 useQuestions: Loading data for language: de
🔄 STATE CHANGE: 🔄 useQuestions: Starting loadAllData
🔄 STATE CHANGE: 🔄 useQuestions: Categories loaded: 33
🔄 STATE CHANGE: 🔄 useQuestions: Proceeding to load questions
🔄 STATE CHANGE: 🔄 loadQuestions: Starting with language: de, categories: 33
🔄 STATE CHANGE: 🔄 loadQuestions: Calling loadQuestionsFromJson
🔄 STATE CHANGE: 🔄 useQuestions: Categories loaded: 33
🔄 STATE CHANGE: 🔄 useQuestions: Proceeding to load questions
🔄 STATE CHANGE: 🔄 loadQuestions: Starting with language: de, categories: 33
🔄 STATE CHANGE: 🔄 loadQuestions: Calling loadQuestionsFromJson
🔄 STATE CHANGE: 🔄 loadQuestions: Received 1029 questions from JSON
🔄 STATE CHANGE: 🔄 useQuestions: Questions loading completed
🔄 STATE CHANGE: 🔄 loadQuestions: Received 1029 questions from JSON
🔄 STATE CHANGE: 🔄 useQuestions: Questions loading completed
⚡ PERFORMANCE: loadTime = 965ms
💾 PERSISTENCE: localStorage read (audioSettings)
   Value: {"enabled":true,"volume":0.7,"effectsEnabled":true}
🎵 AUDIO: Audio settings restored
   Details: { restored: [32m'success'[39m }
📊 TEST REPORT: audio-system-settings
   Duration: 4129ms
   User Actions: 0
   State Changes: 0
   Errors: 0
   Screenshots: 0
   Avg Interaction Time: 0ms
]]>
</system-out>
</testcase>
<testcase name="Foundation: Audio System › should handle audio loading failures gracefully" classname="foundation\audio-system.spec.ts" time="4.987">
<system-out>
<![CDATA[🔄 STATE CHANGE: 🔄 useQuestions: Loading data for language: de
🔄 STATE CHANGE: 🔄 useQuestions: Starting loadAllData
🔄 STATE CHANGE: 🔄 useQuestions: Loading data for language: de
🔄 STATE CHANGE: 🔄 useQuestions: Starting loadAllData
🔄 STATE CHANGE: 🔄 useQuestions: Categories loaded: 33
🔄 STATE CHANGE: 🔄 useQuestions: Proceeding to load questions
🔄 STATE CHANGE: 🔄 loadQuestions: Starting with language: de, categories: 33
🔄 STATE CHANGE: 🔄 loadQuestions: Calling loadQuestionsFromJson
🔄 STATE CHANGE: 🔄 useQuestions: Categories loaded: 33
🔄 STATE CHANGE: 🔄 useQuestions: Proceeding to load questions
🔄 STATE CHANGE: 🔄 loadQuestions: Starting with language: de, categories: 33
🔄 STATE CHANGE: 🔄 loadQuestions: Calling loadQuestionsFromJson
🔄 STATE CHANGE: 🔄 loadQuestions: Received 1029 questions from JSON
🔄 STATE CHANGE: 🔄 useQuestions: Questions loading completed
🔄 STATE CHANGE: 🔄 loadQuestions: Received 1029 questions from JSON
🔄 STATE CHANGE: 🔄 useQuestions: Questions loading completed
⚡ PERFORMANCE: loadTime = 1863ms
🎵 AUDIO: Audio loading test completed
   Details: { testCompleted: [33mtrue[39m }
📊 TEST REPORT: audio-system-loading-failures
   Duration: 2970ms
   User Actions: 0
   State Changes: 0
   Errors: 0
   Screenshots: 0
   Avg Interaction Time: 0ms
]]>
</system-out>
</testcase>
<testcase name="Foundation: Audio System › should respect volume controls" classname="foundation\audio-system.spec.ts" time="3.17">
<failure message="audio-system.spec.ts:126:7 should respect volume controls" type="FAILURE">
<![CDATA[  [foundation-tests] › foundation\audio-system.spec.ts:126:7 › Foundation: Audio System › should respect volume controls 

    Error: locator.fill: Error: Element is not an <input>, <textarea> or [contenteditable] element
    Call log:
      - waiting for locator('input[type="range"]').or(locator('[role="slider"]')).first()
        - locator resolved to <span tabindex="0" role="slider" aria-valuemin="0" aria-valuemax="1" aria-valuenow="0.7" aria-orientation="horizontal" data-orientation="horizontal" data-radix-collection-item="" class="block h-5 w-5 rounded-full border-2 border-purple-500 bg-white ring-offset-white transition-colors focus-visible:outline-none focus-visible:ring-2 focus-visible:ring-slate-950 focus-visible:ring-offset-2 disabled:pointer-events-none disabled:opacity-50"></span>
        - fill("50")
      - attempting fill action
        - waiting for element to be visible, enabled and editable


      140 |       if (await volumeSlider.count() > 0) {
      141 |         // Test volume slider
    > 142 |         await volumeSlider.first().fill('50');
          |                                    ^
      143 |         tracker.logAudioEvent('Volume slider set to 50%');
      144 |         await page.waitForTimeout(500);
      145 |         
        at C:\Users\pbziu\OneDrive\Dokumente\Development\blamegame\tests\foundation\audio-system.spec.ts:142:36

    attachment #1: screenshot (image/png) ──────────────────────────────────────────────────────────
    ..\test-results\foundation-audio-system-Fo-e6dd8-uld-respect-volume-controls-foundation-tests\test-failed-1.png
    ────────────────────────────────────────────────────────────────────────────────────────────────

    attachment #2: video (video/webm) ──────────────────────────────────────────────────────────────
    ..\test-results\foundation-audio-system-Fo-e6dd8-uld-respect-volume-controls-foundation-tests\video.webm
    ────────────────────────────────────────────────────────────────────────────────────────────────

    Error Context: ..\test-results\foundation-audio-system-Fo-e6dd8-uld-respect-volume-controls-foundation-tests\error-context.md
]]>
</failure>
<system-out>
<![CDATA[🔄 STATE CHANGE: 🔄 useQuestions: Loading data for language: de
🔄 STATE CHANGE: 🔄 useQuestions: Starting loadAllData
🔄 STATE CHANGE: 🔄 useQuestions: Loading data for language: de
🔄 STATE CHANGE: 🔄 useQuestions: Starting loadAllData
🔄 STATE CHANGE: 🔄 useQuestions: Categories loaded: 33
🔄 STATE CHANGE: 🔄 useQuestions: Proceeding to load questions
🔄 STATE CHANGE: 🔄 loadQuestions: Starting with language: de, categories: 33
🔄 STATE CHANGE: 🔄 loadQuestions: Calling loadQuestionsFromJson
🔄 STATE CHANGE: 🔄 useQuestions: Categories loaded: 33
🔄 STATE CHANGE: 🔄 useQuestions: Proceeding to load questions
🔄 STATE CHANGE: 🔄 loadQuestions: Starting with language: de, categories: 33
🔄 STATE CHANGE: 🔄 loadQuestions: Calling loadQuestionsFromJson
🔄 STATE CHANGE: 🔄 loadQuestions: Received 1029 questions from JSON
🔄 STATE CHANGE: 🔄 useQuestions: Questions loading completed
🔄 STATE CHANGE: 🔄 loadQuestions: Received 1029 questions from JSON
🔄 STATE CHANGE: 🔄 useQuestions: Questions loading completed
⚡ PERFORMANCE: loadTime = 1169ms
🎵 AUDIO: Volume controls detection
   Details: { hasControls: [33mtrue[39m }

[[ATTACHMENT|..\test-results\foundation-audio-system-Fo-e6dd8-uld-respect-volume-controls-foundation-tests\test-failed-1.png]]

[[ATTACHMENT|..\test-results\foundation-audio-system-Fo-e6dd8-uld-respect-volume-controls-foundation-tests\video.webm]]

[[ATTACHMENT|..\test-results\foundation-audio-system-Fo-e6dd8-uld-respect-volume-controls-foundation-tests\error-context.md]]
]]>
</system-out>
</testcase>
<testcase name="Foundation: Audio System › should maintain audio state during gameplay" classname="foundation\audio-system.spec.ts" time="6.196">
<system-out>
<![CDATA[🔄 STATE CHANGE: 🔄 useQuestions: Loading data for language: de
🔄 STATE CHANGE: 🔄 useQuestions: Starting loadAllData
🔄 STATE CHANGE: 🔄 useQuestions: Loading data for language: de
🔄 STATE CHANGE: 🔄 useQuestions: Starting loadAllData
🔄 STATE CHANGE: 🔄 useQuestions: Categories loaded: 33
🔄 STATE CHANGE: 🔄 useQuestions: Proceeding to load questions
🔄 STATE CHANGE: 🔄 loadQuestions: Starting with language: de, categories: 33
🔄 STATE CHANGE: 🔄 loadQuestions: Calling loadQuestionsFromJson
🔄 STATE CHANGE: 🔄 useQuestions: Categories loaded: 33
🔄 STATE CHANGE: 🔄 useQuestions: Proceeding to load questions
🔄 STATE CHANGE: 🔄 loadQuestions: Starting with language: de, categories: 33
🔄 STATE CHANGE: 🔄 loadQuestions: Calling loadQuestionsFromJson
🔄 STATE CHANGE: 🔄 loadQuestions: Received 1029 questions from JSON
🔄 STATE CHANGE: 🔄 useQuestions: Questions loading completed
🔄 STATE CHANGE: 🔄 loadQuestions: Received 1029 questions from JSON
🔄 STATE CHANGE: 🔄 useQuestions: Questions loading completed
⚡ PERFORMANCE: loadTime = 1135ms
💾 PERSISTENCE: localStorage write (audioSettings)
   Value: { enabled: [33mtrue[39m, volume: [33m0.8[39m }
🎯 USER ACTION: Started game to test audio state
💾 PERSISTENCE: localStorage read (audioSettings)
   Value: {"enabled":true,"volume":0.8}
🎵 AUDIO: Audio settings during gameplay
   Details: { settingsFound: [32m'yes'[39m }
📊 TEST REPORT: audio-system-gameplay-state
   Duration: 4829ms
   User Actions: 1
   State Changes: 0
   Errors: 2
   Screenshots: 0
   Avg Interaction Time: 0ms
]]>
</system-out>
<system-err>
<![CDATA[❌ BROWSER ERROR: Maximum update depth exceeded. This can happen when a component calls setState inside useEffect, but useEffect either doesn't have a dependency array, or one of the dependencies changes on every render.
❌ BROWSER ERROR: Maximum update depth exceeded. This can happen when a component calls setState inside useEffect, but useEffect either doesn't have a dependency array, or one of the dependencies changes on every render.
❌ BROWSER ERROR: Maximum update depth exceeded. This can happen when a component calls setState inside useEffect, but useEffect either doesn't have a dependency array, or one of the dependencies changes on every render.
]]>
</system-err>
</testcase>
</testsuite>
<testsuite name="foundation\local-storage.spec.ts" timestamp="2025-09-07T17:38:05.880Z" hostname="foundation-tests" tests="8" failures="2" skipped="0" time="27.973" errors="0">
<testcase name="Foundation: Local Storage › should save and retrieve game settings" classname="foundation\local-storage.spec.ts" time="3.524">
<system-out>
<![CDATA[🔄 STATE CHANGE: 🔄 useQuestions: Loading data for language: de
🔄 STATE CHANGE: 🔄 useQuestions: Starting loadAllData
🔄 STATE CHANGE: 🔄 useQuestions: Loading data for language: de
🔄 STATE CHANGE: 🔄 useQuestions: Starting loadAllData
🔄 STATE CHANGE: 🔄 useQuestions: Categories loaded: 33
🔄 STATE CHANGE: 🔄 useQuestions: Proceeding to load questions
🔄 STATE CHANGE: 🔄 loadQuestions: Starting with language: de, categories: 33
🔄 STATE CHANGE: 🔄 loadQuestions: Calling loadQuestionsFromJson
🔄 STATE CHANGE: 🔄 useQuestions: Categories loaded: 33
🔄 STATE CHANGE: 🔄 useQuestions: Proceeding to load questions
🔄 STATE CHANGE: 🔄 loadQuestions: Starting with language: de, categories: 33
🔄 STATE CHANGE: 🔄 loadQuestions: Calling loadQuestionsFromJson
🔄 STATE CHANGE: 🔄 loadQuestions: Received 1029 questions from JSON
🔄 STATE CHANGE: 🔄 useQuestions: Questions loading completed
🔄 STATE CHANGE: 🔄 loadQuestions: Received 1029 questions from JSON
🔄 STATE CHANGE: 🔄 useQuestions: Questions loading completed
⚡ PERFORMANCE: loadTime = 1663ms
💾 PERSISTENCE: localStorage write (gameSettings)
   Value: { language: [32m'de'[39m, soundEnabled: [33mtrue[39m, volume: [33m0.8[39m, theme: [32m'dark'[39m }
💾 PERSISTENCE: Game settings saved (gameSettings)
   Value: { language: [32m'de'[39m, soundEnabled: [33mtrue[39m, volume: [33m0.8[39m, theme: [32m'dark'[39m }
💾 PERSISTENCE: localStorage read (gameSettings)
   Value: {"language":"de","soundEnabled":true,"volume":0.8,"theme":"dark"}
💾 PERSISTENCE: Game settings retrieved and verified
📊 TEST REPORT: local-storage-settings
   Duration: 3024ms
   User Actions: 0
   State Changes: 0
   Errors: 0
   Screenshots: 0
   Avg Interaction Time: 0ms
]]>
</system-out>
</testcase>
<testcase name="Foundation: Local Storage › should persist data across page reloads" classname="foundation\local-storage.spec.ts" time="5.042">
<system-out>
<![CDATA[🔄 STATE CHANGE: 🔄 useQuestions: Loading data for language: de
🔄 STATE CHANGE: 🔄 useQuestions: Starting loadAllData
🔄 STATE CHANGE: 🔄 useQuestions: Loading data for language: de
🔄 STATE CHANGE: 🔄 useQuestions: Starting loadAllData
🔄 STATE CHANGE: 🔄 useQuestions: Categories loaded: 33
🔄 STATE CHANGE: 🔄 useQuestions: Proceeding to load questions
🔄 STATE CHANGE: 🔄 loadQuestions: Starting with language: de, categories: 33
🔄 STATE CHANGE: 🔄 loadQuestions: Calling loadQuestionsFromJson
🔄 STATE CHANGE: 🔄 useQuestions: Categories loaded: 33
🔄 STATE CHANGE: 🔄 useQuestions: Proceeding to load questions
🔄 STATE CHANGE: 🔄 loadQuestions: Starting with language: de, categories: 33
🔄 STATE CHANGE: 🔄 loadQuestions: Calling loadQuestionsFromJson
🔄 STATE CHANGE: 🔄 loadQuestions: Received 1029 questions from JSON
🔄 STATE CHANGE: 🔄 useQuestions: Questions loading completed
🔄 STATE CHANGE: 🔄 loadQuestions: Received 1029 questions from JSON
🔄 STATE CHANGE: 🔄 useQuestions: Questions loading completed
⚡ PERFORMANCE: loadTime = 1689ms
💾 PERSISTENCE: localStorage write (gameState)
   Value: {
  currentQuestion: [33m5[39m,
  totalQuestions: [33m100[39m,
  score: [33m42[39m,
  gameMode: [32m'classic'[39m
}
💾 PERSISTENCE: Game state saved before reload
🔄 STATE CHANGE: 🔄 useQuestions: Loading data for language: de
🔄 STATE CHANGE: 🔄 useQuestions: Starting loadAllData
🔄 STATE CHANGE: 🔄 useQuestions: Loading data for language: de
🔄 STATE CHANGE: 🔄 useQuestions: Starting loadAllData
🔄 STATE CHANGE: 🔄 useQuestions: Categories loaded: 33
🔄 STATE CHANGE: 🔄 useQuestions: Proceeding to load questions
🔄 STATE CHANGE: 🔄 loadQuestions: Starting with language: de, categories: 33
🔄 STATE CHANGE: 🔄 loadQuestions: Calling loadQuestionsFromJson
🔄 STATE CHANGE: 🔄 useQuestions: Categories loaded: 33
🔄 STATE CHANGE: 🔄 useQuestions: Proceeding to load questions
🔄 STATE CHANGE: 🔄 loadQuestions: Starting with language: de, categories: 33
🔄 STATE CHANGE: 🔄 loadQuestions: Calling loadQuestionsFromJson
🔄 STATE CHANGE: 🔄 loadQuestions: Received 1029 questions from JSON
🔄 STATE CHANGE: 🔄 useQuestions: Questions loading completed
🔄 STATE CHANGE: 🔄 loadQuestions: Received 1029 questions from JSON
🔄 STATE CHANGE: 🔄 useQuestions: Questions loading completed
⚡ PERFORMANCE: loadTime = 1305ms
🎯 USER ACTION: Page reloaded
💾 PERSISTENCE: localStorage read (gameState)
   Value: {"currentQuestion":5,"totalQuestions":100,"score":42,"gameMode":"classic"}
💾 PERSISTENCE: Game state restored after reload
📊 TEST REPORT: local-storage-persistence
   Duration: 4271ms
   User Actions: 1
   State Changes: 0
   Errors: 0
   Screenshots: 0
   Avg Interaction Time: 0ms
]]>
</system-out>
</testcase>
<testcase name="Foundation: Local Storage › should handle localStorage quota limits gracefully" classname="foundation\local-storage.spec.ts" time="3.542">
<system-out>
<![CDATA[🔄 STATE CHANGE: 🔄 useQuestions: Loading data for language: de
🔄 STATE CHANGE: 🔄 useQuestions: Starting loadAllData
🔄 STATE CHANGE: 🔄 useQuestions: Loading data for language: de
🔄 STATE CHANGE: 🔄 useQuestions: Starting loadAllData
🔄 STATE CHANGE: 🔄 useQuestions: Categories loaded: 33
🔄 STATE CHANGE: 🔄 useQuestions: Proceeding to load questions
🔄 STATE CHANGE: 🔄 loadQuestions: Starting with language: de, categories: 33
🔄 STATE CHANGE: 🔄 loadQuestions: Calling loadQuestionsFromJson
🔄 STATE CHANGE: 🔄 useQuestions: Categories loaded: 33
🔄 STATE CHANGE: 🔄 useQuestions: Proceeding to load questions
🔄 STATE CHANGE: 🔄 loadQuestions: Starting with language: de, categories: 33
🔄 STATE CHANGE: 🔄 loadQuestions: Calling loadQuestionsFromJson
🔄 STATE CHANGE: 🔄 loadQuestions: Received 1029 questions from JSON
🔄 STATE CHANGE: 🔄 useQuestions: Questions loading completed
🔄 STATE CHANGE: 🔄 loadQuestions: Received 1029 questions from JSON
🔄 STATE CHANGE: 🔄 useQuestions: Questions loading completed
⚡ PERFORMANCE: loadTime = 1685ms
💾 PERSISTENCE: Quota test completed (quotaTest)
   Value: {
  beforeSize: [33m1003[39m,
  afterSize: [33m4195307[39m,
  quotaReached: [33mtrue[39m,
  errorOccurred: [33mtrue[39m
}
📊 TEST REPORT: local-storage-quota-limits
   Duration: 2852ms
   User Actions: 0
   State Changes: 0
   Errors: 0
   Screenshots: 0
   Avg Interaction Time: 0ms
]]>
</system-out>
</testcase>
<testcase name="Foundation: Local Storage › should recover from corrupted localStorage data" classname="foundation\local-storage.spec.ts" time="0.788">
<failure message="local-storage.spec.ts:143:7 should recover from corrupted localStorage data" type="FAILURE">
<![CDATA[  [foundation-tests] › foundation\local-storage.spec.ts:143:7 › Foundation: Local Storage › should recover from corrupted localStorage data 

    Error: page.evaluate: SecurityError: Failed to read the 'localStorage' property from 'Window': Access is denied for this document.
        at UtilityScript.evaluate (<anonymous>:293:16)
        at UtilityScript.<anonymous> (<anonymous>:1:44)
        at UtilityScript.evaluate (<anonymous>:293:16)
        at UtilityScript.<anonymous> (<anonymous>:1:44)
        at C:\Users\pbziu\OneDrive\Dokumente\Development\blamegame\tests\foundation\local-storage.spec.ts:147:16

    attachment #1: screenshot (image/png) ──────────────────────────────────────────────────────────
    ..\test-results\foundation-local-storage-F-0e452-corrupted-localStorage-data-foundation-tests\test-failed-1.png
    ────────────────────────────────────────────────────────────────────────────────────────────────

    attachment #2: video (video/webm) ──────────────────────────────────────────────────────────────
    ..\test-results\foundation-local-storage-F-0e452-corrupted-localStorage-data-foundation-tests\video.webm
    ────────────────────────────────────────────────────────────────────────────────────────────────
]]>
</failure>
<system-out>
<![CDATA[
[[ATTACHMENT|..\test-results\foundation-local-storage-F-0e452-corrupted-localStorage-data-foundation-tests\test-failed-1.png]]

[[ATTACHMENT|..\test-results\foundation-local-storage-F-0e452-corrupted-localStorage-data-foundation-tests\video.webm]]
]]>
</system-out>
</testcase>
<testcase name="Foundation: Local Storage › should maintain NameBlame player data" classname="foundation\local-storage.spec.ts" time="2.913">
<system-out>
<![CDATA[🔄 STATE CHANGE: 🔄 useQuestions: Loading data for language: de
🔄 STATE CHANGE: 🔄 useQuestions: Starting loadAllData
🔄 STATE CHANGE: 🔄 useQuestions: Loading data for language: de
🔄 STATE CHANGE: 🔄 useQuestions: Starting loadAllData
🔄 STATE CHANGE: 🔄 useQuestions: Categories loaded: 33
🔄 STATE CHANGE: 🔄 useQuestions: Proceeding to load questions
🔄 STATE CHANGE: 🔄 loadQuestions: Starting with language: de, categories: 33
🔄 STATE CHANGE: 🔄 loadQuestions: Calling loadQuestionsFromJson
🔄 STATE CHANGE: 🔄 useQuestions: Categories loaded: 33
🔄 STATE CHANGE: 🔄 useQuestions: Proceeding to load questions
🔄 STATE CHANGE: 🔄 loadQuestions: Starting with language: de, categories: 33
🔄 STATE CHANGE: 🔄 loadQuestions: Calling loadQuestionsFromJson
🔄 STATE CHANGE: 🔄 loadQuestions: Received 1029 questions from JSON
🔄 STATE CHANGE: 🔄 useQuestions: Questions loading completed
🔄 STATE CHANGE: 🔄 loadQuestions: Received 1029 questions from JSON
🔄 STATE CHANGE: 🔄 useQuestions: Questions loading completed
⚡ PERFORMANCE: loadTime = 1107ms
💾 PERSISTENCE: localStorage write (nameBlamePlayers)
   Value: {
  players: [
    { name: [32m'Alice'[39m, blameCount: [33m3[39m },
    { name: [32m'Bob'[39m, blameCount: [33m1[39m },
    { name: [32m'Charlie'[39m, blameCount: [33m5[39m }
  ],
  currentPlayerIndex: [33m1[39m,
  round: [33m2[39m
}
💾 PERSISTENCE: NameBlame player data saved
💾 PERSISTENCE: localStorage read (nameBlamePlayers)
   Value: {"players":[{"name":"Alice","blameCount":3},{"name":"Bob","blameCount":1},{"name":"Charlie","blameCount":5}],"currentPlayerIndex":1,"round":2}
💾 PERSISTENCE: NameBlame player data verified
💾 PERSISTENCE: localStorage write (nameBlamePlayers)
   Value: {
  players: [
    { name: [32m'Alice'[39m, blameCount: [33m4[39m },
    { name: [32m'Bob'[39m, blameCount: [33m1[39m },
    { name: [32m'Charlie'[39m, blameCount: [33m5[39m }
  ],
  currentPlayerIndex: [33m1[39m,
  round: [33m2[39m
}
💾 PERSISTENCE: Player data updated
💾 PERSISTENCE: localStorage read (nameBlamePlayers)
   Value: {"players":[{"name":"Alice","blameCount":4},{"name":"Bob","blameCount":1},{"name":"Charlie","blameCount":5}],"currentPlayerIndex":1,"round":2}
📊 TEST REPORT: local-storage-nameblame-data
   Duration: 1681ms
   User Actions: 0
   State Changes: 0
   Errors: 0
   Screenshots: 0
   Avg Interaction Time: 0ms
]]>
</system-out>
</testcase>
<testcase name="Foundation: Local Storage › should handle concurrent localStorage operations" classname="foundation\local-storage.spec.ts" time="3.695">
<system-out>
<![CDATA[🔄 STATE CHANGE: 🔄 useQuestions: Loading data for language: de
🔄 STATE CHANGE: 🔄 useQuestions: Starting loadAllData
🔄 STATE CHANGE: 🔄 useQuestions: Loading data for language: de
🔄 STATE CHANGE: 🔄 useQuestions: Starting loadAllData
🔄 STATE CHANGE: 🔄 useQuestions: Categories loaded: 33
🔄 STATE CHANGE: 🔄 useQuestions: Proceeding to load questions
🔄 STATE CHANGE: 🔄 loadQuestions: Starting with language: de, categories: 33
🔄 STATE CHANGE: 🔄 loadQuestions: Calling loadQuestionsFromJson
🔄 STATE CHANGE: 🔄 useQuestions: Categories loaded: 33
🔄 STATE CHANGE: 🔄 useQuestions: Proceeding to load questions
🔄 STATE CHANGE: 🔄 loadQuestions: Starting with language: de, categories: 33
🔄 STATE CHANGE: 🔄 loadQuestions: Calling loadQuestionsFromJson
🔄 STATE CHANGE: 🔄 loadQuestions: Received 1029 questions from JSON
🔄 STATE CHANGE: 🔄 useQuestions: Questions loading completed
🔄 STATE CHANGE: 🔄 loadQuestions: Received 1029 questions from JSON
🔄 STATE CHANGE: 🔄 useQuestions: Questions loading completed
⚡ PERFORMANCE: loadTime = 1700ms
💾 PERSISTENCE: Concurrent operations completed (concurrent)
   Value: { total: [33m20[39m, successful: [33m20[39m }
📊 TEST REPORT: local-storage-concurrent-operations
   Duration: 2934ms
   User Actions: 0
   State Changes: 0
   Errors: 0
   Screenshots: 0
   Avg Interaction Time: 0ms
]]>
</system-out>
</testcase>
<testcase name="Foundation: Local Storage › should preserve language preferences correctly" classname="foundation\local-storage.spec.ts" time="5.974">
<failure message="local-storage.spec.ts:288:7 should preserve language preferences correctly" type="FAILURE">
<![CDATA[  [foundation-tests] › foundation\local-storage.spec.ts:288:7 › Foundation: Local Storage › should preserve language preferences correctly 

    Error: expect(received).toBe(expected) // Object.is equality

    Expected: "en"
    Received: "de"

      306 |       // Check if language was restored
      307 |       const restoredLang = await tracker.checkLocalStorage('i18nextLng');
    > 308 |       expect(restoredLang).toBe(lang);
          |                            ^
      309 |       tracker.logPersistence(`Language ${lang} restored correctly`);
      310 |     }
      311 |     
        at C:\Users\pbziu\OneDrive\Dokumente\Development\blamegame\tests\foundation\local-storage.spec.ts:308:28

    attachment #1: screenshot (image/png) ──────────────────────────────────────────────────────────
    ..\test-results\foundation-local-storage-F-58e1e-guage-preferences-correctly-foundation-tests\test-failed-1.png
    ────────────────────────────────────────────────────────────────────────────────────────────────

    attachment #2: video (video/webm) ──────────────────────────────────────────────────────────────
    ..\test-results\foundation-local-storage-F-58e1e-guage-preferences-correctly-foundation-tests\video.webm
    ────────────────────────────────────────────────────────────────────────────────────────────────

    Error Context: ..\test-results\foundation-local-storage-F-58e1e-guage-preferences-correctly-foundation-tests\error-context.md
]]>
</failure>
<system-out>
<![CDATA[🔄 STATE CHANGE: 🔄 useQuestions: Loading data for language: de
🔄 STATE CHANGE: 🔄 useQuestions: Starting loadAllData
🔄 STATE CHANGE: 🔄 useQuestions: Loading data for language: de
🔄 STATE CHANGE: 🔄 useQuestions: Starting loadAllData
🔄 STATE CHANGE: 🔄 useQuestions: Categories loaded: 33
🔄 STATE CHANGE: 🔄 useQuestions: Proceeding to load questions
🔄 STATE CHANGE: 🔄 loadQuestions: Starting with language: de, categories: 33
🔄 STATE CHANGE: 🔄 loadQuestions: Calling loadQuestionsFromJson
🔄 STATE CHANGE: 🔄 useQuestions: Categories loaded: 33
🔄 STATE CHANGE: 🔄 useQuestions: Proceeding to load questions
🔄 STATE CHANGE: 🔄 loadQuestions: Starting with language: de, categories: 33
🔄 STATE CHANGE: 🔄 loadQuestions: Calling loadQuestionsFromJson
🔄 STATE CHANGE: 🔄 loadQuestions: Received 1029 questions from JSON
🔄 STATE CHANGE: 🔄 useQuestions: Questions loading completed
🔄 STATE CHANGE: 🔄 loadQuestions: Received 1029 questions from JSON
🔄 STATE CHANGE: 🔄 useQuestions: Questions loading completed
⚡ PERFORMANCE: loadTime = 1667ms
💾 PERSISTENCE: localStorage write (i18nextLng)
   Value: de
💾 PERSISTENCE: Language preference set to de
🔄 STATE CHANGE: 🔄 useQuestions: Loading data for language: de
🔄 STATE CHANGE: 🔄 useQuestions: Starting loadAllData
🔄 STATE CHANGE: 🔄 useQuestions: Loading data for language: de
🔄 STATE CHANGE: 🔄 useQuestions: Starting loadAllData
🔄 STATE CHANGE: 🔄 useQuestions: Categories loaded: 33
🔄 STATE CHANGE: 🔄 useQuestions: Proceeding to load questions
🔄 STATE CHANGE: 🔄 loadQuestions: Starting with language: de, categories: 33
🔄 STATE CHANGE: 🔄 loadQuestions: Calling loadQuestionsFromJson
🔄 STATE CHANGE: 🔄 useQuestions: Categories loaded: 33
🔄 STATE CHANGE: 🔄 useQuestions: Proceeding to load questions
🔄 STATE CHANGE: 🔄 loadQuestions: Starting with language: de, categories: 33
🔄 STATE CHANGE: 🔄 loadQuestions: Calling loadQuestionsFromJson
🔄 STATE CHANGE: 🔄 loadQuestions: Received 1029 questions from JSON
🔄 STATE CHANGE: 🔄 useQuestions: Questions loading completed
🔄 STATE CHANGE: 🔄 loadQuestions: Received 1029 questions from JSON
🔄 STATE CHANGE: 🔄 useQuestions: Questions loading completed
⚡ PERFORMANCE: loadTime = 1301ms
💾 PERSISTENCE: localStorage read (i18nextLng)
   Value: de
💾 PERSISTENCE: Language de restored correctly
💾 PERSISTENCE: localStorage write (i18nextLng)
   Value: en
💾 PERSISTENCE: Language preference set to en
🔄 STATE CHANGE: 🔄 useQuestions: Loading data for language: de
🔄 STATE CHANGE: 🔄 useQuestions: Starting loadAllData
🔄 STATE CHANGE: 🔄 useQuestions: Loading data for language: de
🔄 STATE CHANGE: 🔄 useQuestions: Starting loadAllData
🔄 STATE CHANGE: 🔄 useQuestions: Categories loaded: 33
🔄 STATE CHANGE: 🔄 useQuestions: Proceeding to load questions
🔄 STATE CHANGE: 🔄 loadQuestions: Starting with language: de, categories: 33
🔄 STATE CHANGE: 🔄 loadQuestions: Calling loadQuestionsFromJson
🔄 STATE CHANGE: 🔄 useQuestions: Categories loaded: 33
🔄 STATE CHANGE: 🔄 useQuestions: Proceeding to load questions
🔄 STATE CHANGE: 🔄 loadQuestions: Starting with language: de, categories: 33
🔄 STATE CHANGE: 🔄 loadQuestions: Calling loadQuestionsFromJson
🔄 STATE CHANGE: 🔄 loadQuestions: Received 1029 questions from JSON
🔄 STATE CHANGE: 🔄 useQuestions: Questions loading completed
🔄 STATE CHANGE: 🔄 loadQuestions: Received 1029 questions from JSON
🔄 STATE CHANGE: 🔄 useQuestions: Questions loading completed
⚡ PERFORMANCE: loadTime = 1045ms
💾 PERSISTENCE: localStorage read (i18nextLng)
   Value: de

[[ATTACHMENT|..\test-results\foundation-local-storage-F-58e1e-guage-preferences-correctly-foundation-tests\test-failed-1.png]]

[[ATTACHMENT|..\test-results\foundation-local-storage-F-58e1e-guage-preferences-correctly-foundation-tests\video.webm]]

[[ATTACHMENT|..\test-results\foundation-local-storage-F-58e1e-guage-preferences-correctly-foundation-tests\error-context.md]]
]]>
</system-out>
</testcase>
<testcase name="Foundation: Local Storage › should handle storage cleanup and optimization" classname="foundation\local-storage.spec.ts" time="2.495">
<system-out>
<![CDATA[🔄 STATE CHANGE: 🔄 useQuestions: Loading data for language: de
🔄 STATE CHANGE: 🔄 useQuestions: Starting loadAllData
🔄 STATE CHANGE: 🔄 useQuestions: Loading data for language: de
🔄 STATE CHANGE: 🔄 useQuestions: Starting loadAllData
🔄 STATE CHANGE: 🔄 useQuestions: Categories loaded: 33
🔄 STATE CHANGE: 🔄 useQuestions: Proceeding to load questions
🔄 STATE CHANGE: 🔄 loadQuestions: Starting with language: de, categories: 33
🔄 STATE CHANGE: 🔄 loadQuestions: Calling loadQuestionsFromJson
🔄 STATE CHANGE: 🔄 useQuestions: Categories loaded: 33
🔄 STATE CHANGE: 🔄 useQuestions: Proceeding to load questions
🔄 STATE CHANGE: 🔄 loadQuestions: Starting with language: de, categories: 33
🔄 STATE CHANGE: 🔄 loadQuestions: Calling loadQuestionsFromJson
🔄 STATE CHANGE: 🔄 loadQuestions: Received 1029 questions from JSON
🔄 STATE CHANGE: 🔄 useQuestions: Questions loading completed
🔄 STATE CHANGE: 🔄 loadQuestions: Received 1029 questions from JSON
🔄 STATE CHANGE: 🔄 useQuestions: Questions loading completed
⚡ PERFORMANCE: loadTime = 989ms
💾 PERSISTENCE: localStorage write (gameSettings)
   Value: { theme: [32m'dark'[39m }
💾 PERSISTENCE: localStorage write (oldGameState)
   Value: { obsolete: [33mtrue[39m }
💾 PERSISTENCE: localStorage write (soundSettings)
   Value: { volume: [33m0.5[39m }
💾 PERSISTENCE: localStorage write (tempData)
   Value: { temporary: [33mtrue[39m }
💾 PERSISTENCE: localStorage write (userPrefs)
   Value: { lastPlayed: [33m1757266701324[39m }
💾 PERSISTENCE: Test data stored for cleanup test
💾 PERSISTENCE: Cleanup completed (cleanup)
   Value: { beforeCount: [33m7[39m, afterCount: [33m6[39m, removed: [33m1[39m }
💾 PERSISTENCE: localStorage read (gameSettings)
   Value: {"theme":"dark"}
💾 PERSISTENCE: localStorage read (soundSettings)
   Value: {"volume":0.5}
💾 PERSISTENCE: localStorage read (tempData)
📊 TEST REPORT: local-storage-cleanup
   Duration: 1360ms
   User Actions: 0
   State Changes: 0
   Errors: 0
   Screenshots: 0
   Avg Interaction Time: 0ms
]]>
</system-out>
</testcase>
</testsuite>
<testsuite name="foundation\translation-system.spec.ts" timestamp="2025-09-07T17:38:05.880Z" hostname="foundation-tests" tests="7" failures="4" skipped="0" time="22.412" errors="0">
<testcase name="Foundation: Translation System › should initialize translation system on app load" classname="foundation\translation-system.spec.ts" time="2.566">
<failure message="translation-system.spec.ts:19:7 should initialize translation system on app load" type="FAILURE">
<![CDATA[  [foundation-tests] › foundation\translation-system.spec.ts:19:7 › Foundation: Translation System › should initialize translation system on app load 

    Error: expect(received).toBe(expected) // Object.is equality

    Expected: true
    Received: false

      25 |     // Verify translation system is initialized
      26 |     const translationsWorking = await verifyTranslationSystem(page, tracker);
    > 27 |     expect(translationsWorking).toBe(true);
         |                                 ^
      28 |     
      29 |     // Check that i18n namespace is available
      30 |     const i18nAvailable = await page.evaluate(() => {
        at C:\Users\pbziu\OneDrive\Dokumente\Development\blamegame\tests\foundation\translation-system.spec.ts:27:33

    attachment #1: screenshot (image/png) ──────────────────────────────────────────────────────────
    ..\test-results\foundation-translation-sys-a4d27-nslation-system-on-app-load-foundation-tests\test-failed-1.png
    ────────────────────────────────────────────────────────────────────────────────────────────────

    attachment #2: video (video/webm) ──────────────────────────────────────────────────────────────
    ..\test-results\foundation-translation-sys-a4d27-nslation-system-on-app-load-foundation-tests\video.webm
    ────────────────────────────────────────────────────────────────────────────────────────────────

    Error Context: ..\test-results\foundation-translation-sys-a4d27-nslation-system-on-app-load-foundation-tests\error-context.md
]]>
</failure>
<system-out>
<![CDATA[🔄 STATE CHANGE: 🔄 useQuestions: Loading data for language: de
🔄 STATE CHANGE: 🔄 useQuestions: Starting loadAllData
🔄 STATE CHANGE: 🔄 useQuestions: Loading data for language: de
🔄 STATE CHANGE: 🔄 useQuestions: Starting loadAllData
🔄 STATE CHANGE: 🔄 useQuestions: Categories loaded: 33
🔄 STATE CHANGE: 🔄 useQuestions: Proceeding to load questions
🔄 STATE CHANGE: 🔄 loadQuestions: Starting with language: de, categories: 33
🔄 STATE CHANGE: 🔄 loadQuestions: Calling loadQuestionsFromJson
🔄 STATE CHANGE: 🔄 useQuestions: Categories loaded: 33
🔄 STATE CHANGE: 🔄 useQuestions: Proceeding to load questions
🔄 STATE CHANGE: 🔄 loadQuestions: Starting with language: de, categories: 33
🔄 STATE CHANGE: 🔄 loadQuestions: Calling loadQuestionsFromJson
🔄 STATE CHANGE: 🔄 loadQuestions: Received 1029 questions from JSON
🔄 STATE CHANGE: 🔄 useQuestions: Questions loading completed
🔄 STATE CHANGE: 🔄 loadQuestions: Received 1029 questions from JSON
🔄 STATE CHANGE: 🔄 useQuestions: Questions loading completed
⚡ PERFORMANCE: loadTime = 1511ms
🌐 DATA FLOW: Translation system check
   Data: { translationsLoaded: [33mfalse[39m }

[[ATTACHMENT|..\test-results\foundation-translation-sys-a4d27-nslation-system-on-app-load-foundation-tests\test-failed-1.png]]

[[ATTACHMENT|..\test-results\foundation-translation-sys-a4d27-nslation-system-on-app-load-foundation-tests\video.webm]]

[[ATTACHMENT|..\test-results\foundation-translation-sys-a4d27-nslation-system-on-app-load-foundation-tests\error-context.md]]
]]>
</system-out>
</testcase>
<testcase name="Foundation: Translation System › should load translations for all supported languages" classname="foundation\translation-system.spec.ts" time="2.335">
<system-out>
<![CDATA[🔄 STATE CHANGE: 🔄 useQuestions: Loading data for language: de
🔄 STATE CHANGE: 🔄 useQuestions: Starting loadAllData
🔄 STATE CHANGE: 🔄 useQuestions: Loading data for language: de
🔄 STATE CHANGE: 🔄 useQuestions: Starting loadAllData
🔄 STATE CHANGE: 🔄 useQuestions: Categories loaded: 33
🔄 STATE CHANGE: 🔄 useQuestions: Proceeding to load questions
🔄 STATE CHANGE: 🔄 loadQuestions: Starting with language: de, categories: 33
🔄 STATE CHANGE: 🔄 loadQuestions: Calling loadQuestionsFromJson
🔄 STATE CHANGE: 🔄 useQuestions: Categories loaded: 33
🔄 STATE CHANGE: 🔄 useQuestions: Proceeding to load questions
🔄 STATE CHANGE: 🔄 loadQuestions: Starting with language: de, categories: 33
🔄 STATE CHANGE: 🔄 loadQuestions: Calling loadQuestionsFromJson
🔄 STATE CHANGE: 🔄 loadQuestions: Received 1029 questions from JSON
🔄 STATE CHANGE: 🔄 useQuestions: Questions loading completed
🔄 STATE CHANGE: 🔄 loadQuestions: Received 1029 questions from JSON
🔄 STATE CHANGE: 🔄 useQuestions: Questions loading completed
⚡ PERFORMANCE: loadTime = 1257ms
🎯 USER ACTION: Testing language on de
🌐 DATA FLOW: Language change not available
   Data: { language: [32m'de'[39m }
🎯 USER ACTION: Testing language on en
🌐 DATA FLOW: Language change not available
   Data: { language: [32m'en'[39m }
🎯 USER ACTION: Testing language on es
🌐 DATA FLOW: Language change not available
   Data: { language: [32m'es'[39m }
🎯 USER ACTION: Testing language on fr
🌐 DATA FLOW: Language change not available
   Data: { language: [32m'fr'[39m }
📊 TEST REPORT: translation-system-languages
   Duration: 1848ms
   User Actions: 4
   State Changes: 0
   Errors: 0
   Screenshots: 0
   Avg Interaction Time: 0ms
]]>
</system-out>
</testcase>
<testcase name="Foundation: Translation System › should translate UI elements correctly" classname="foundation\translation-system.spec.ts" time="5.386">
<system-out>
<![CDATA[🔄 STATE CHANGE: 🔄 useQuestions: Loading data for language: de
🔄 STATE CHANGE: 🔄 useQuestions: Starting loadAllData
🔄 STATE CHANGE: 🔄 useQuestions: Loading data for language: de
🔄 STATE CHANGE: 🔄 useQuestions: Starting loadAllData
🔄 STATE CHANGE: 🔄 useQuestions: Categories loaded: 33
🔄 STATE CHANGE: 🔄 useQuestions: Proceeding to load questions
🔄 STATE CHANGE: 🔄 loadQuestions: Starting with language: de, categories: 33
🔄 STATE CHANGE: 🔄 loadQuestions: Calling loadQuestionsFromJson
🔄 STATE CHANGE: 🔄 useQuestions: Categories loaded: 33
🔄 STATE CHANGE: 🔄 useQuestions: Proceeding to load questions
🔄 STATE CHANGE: 🔄 loadQuestions: Starting with language: de, categories: 33
🔄 STATE CHANGE: 🔄 loadQuestions: Calling loadQuestionsFromJson
🔄 STATE CHANGE: 🔄 loadQuestions: Received 1029 questions from JSON
🔄 STATE CHANGE: 🔄 useQuestions: Questions loading completed
🔄 STATE CHANGE: 🔄 loadQuestions: Received 1029 questions from JSON
🔄 STATE CHANGE: 🔄 useQuestions: Questions loading completed
⚡ PERFORMANCE: loadTime = 1200ms
🌐 DATA FLOW: German translation found
   Data: { key: [32m'start'[39m, expectedGerman: [32m'Spiel'[39m }
🌐 DATA FLOW: English translation found
   Data: { key: [32m'start'[39m, expectedGerman: [32m'Spiel'[39m }
🌐 DATA FLOW: German translation not found
   Data: { key: [32m'settings'[39m, expectedGerman: [32m'Einstellungen'[39m }
🌐 DATA FLOW: English translation not found
   Data: { key: [32m'settings'[39m, expectedGerman: [32m'Einstellungen'[39m }
🌐 DATA FLOW: German translation not found
   Data: { key: [32m'question'[39m, expectedGerman: [32m'Frage'[39m }
🌐 DATA FLOW: English translation not found
   Data: { key: [32m'question'[39m, expectedGerman: [32m'Frage'[39m }
📊 TEST REPORT: translation-system-ui
   Duration: 4840ms
   User Actions: 0
   State Changes: 0
   Errors: 0
   Screenshots: 0
   Avg Interaction Time: 0ms
]]>
</system-out>
</testcase>
<testcase name="Foundation: Translation System › should handle missing translations gracefully" classname="foundation\translation-system.spec.ts" time="2.457">
<system-out>
<![CDATA[🔄 STATE CHANGE: 🔄 useQuestions: Loading data for language: de
🔄 STATE CHANGE: 🔄 useQuestions: Starting loadAllData
🔄 STATE CHANGE: 🔄 useQuestions: Loading data for language: de
🔄 STATE CHANGE: 🔄 useQuestions: Starting loadAllData
🔄 STATE CHANGE: 🔄 useQuestions: Categories loaded: 33
🔄 STATE CHANGE: 🔄 useQuestions: Proceeding to load questions
🔄 STATE CHANGE: 🔄 loadQuestions: Starting with language: de, categories: 33
🔄 STATE CHANGE: 🔄 loadQuestions: Calling loadQuestionsFromJson
🔄 STATE CHANGE: 🔄 useQuestions: Categories loaded: 33
🔄 STATE CHANGE: 🔄 useQuestions: Proceeding to load questions
🔄 STATE CHANGE: 🔄 loadQuestions: Starting with language: de, categories: 33
🔄 STATE CHANGE: 🔄 loadQuestions: Calling loadQuestionsFromJson
🔄 STATE CHANGE: 🔄 loadQuestions: Received 1029 questions from JSON
🔄 STATE CHANGE: 🔄 useQuestions: Questions loading completed
🔄 STATE CHANGE: 🔄 loadQuestions: Received 1029 questions from JSON
🔄 STATE CHANGE: 🔄 useQuestions: Questions loading completed
⚡ PERFORMANCE: loadTime = 1027ms
🌐 DATA FLOW: Fallback behavior test
   Data: { available: [33mfalse[39m }
📊 TEST REPORT: translation-system-fallback
   Duration: 1398ms
   User Actions: 0
   State Changes: 0
   Errors: 0
   Screenshots: 0
   Avg Interaction Time: 0ms
]]>
</system-out>
</testcase>
<testcase name="Foundation: Translation System › should maintain language preference in localStorage" classname="foundation\translation-system.spec.ts" time="3.983">
<failure message="translation-system.spec.ts:177:7 should maintain language preference in localStorage" type="FAILURE">
<![CDATA[  [foundation-tests] › foundation\translation-system.spec.ts:177:7 › Foundation: Translation System › should maintain language preference in localStorage 

    Error: expect(received).toContain(expected) // indexOf

    Expected value: "unknown"
    Received array: ["es", "de", "en", "fr"]

      208 |     
      209 |     // Language should be maintained or fall back to browser default
    > 210 |     expect(['es', 'de', 'en', 'fr']).toContain(restoredLanguage);
          |                                      ^
      211 |     
      212 |     const report = tracker.generateReport();
      213 |     expect(report.errors.length).toBeLessThan(3);
        at C:\Users\pbziu\OneDrive\Dokumente\Development\blamegame\tests\foundation\translation-system.spec.ts:210:38

    attachment #1: screenshot (image/png) ──────────────────────────────────────────────────────────
    ..\test-results\foundation-translation-sys-89fb2--preference-in-localStorage-foundation-tests\test-failed-1.png
    ────────────────────────────────────────────────────────────────────────────────────────────────

    attachment #2: video (video/webm) ──────────────────────────────────────────────────────────────
    ..\test-results\foundation-translation-sys-89fb2--preference-in-localStorage-foundation-tests\video.webm
    ────────────────────────────────────────────────────────────────────────────────────────────────

    Error Context: ..\test-results\foundation-translation-sys-89fb2--preference-in-localStorage-foundation-tests\error-context.md
]]>
</failure>
<system-out>
<![CDATA[🔄 STATE CHANGE: 🔄 useQuestions: Loading data for language: de
🔄 STATE CHANGE: 🔄 useQuestions: Starting loadAllData
🔄 STATE CHANGE: 🔄 useQuestions: Loading data for language: de
🔄 STATE CHANGE: 🔄 useQuestions: Starting loadAllData
🔄 STATE CHANGE: 🔄 useQuestions: Categories loaded: 33
🔄 STATE CHANGE: 🔄 useQuestions: Proceeding to load questions
🔄 STATE CHANGE: 🔄 loadQuestions: Starting with language: de, categories: 33
🔄 STATE CHANGE: 🔄 loadQuestions: Calling loadQuestionsFromJson
🔄 STATE CHANGE: 🔄 useQuestions: Categories loaded: 33
🔄 STATE CHANGE: 🔄 useQuestions: Proceeding to load questions
🔄 STATE CHANGE: 🔄 loadQuestions: Starting with language: de, categories: 33
🔄 STATE CHANGE: 🔄 loadQuestions: Calling loadQuestionsFromJson
🔄 STATE CHANGE: 🔄 loadQuestions: Received 1029 questions from JSON
🔄 STATE CHANGE: 🔄 useQuestions: Questions loading completed
🔄 STATE CHANGE: 🔄 loadQuestions: Received 1029 questions from JSON
🔄 STATE CHANGE: 🔄 useQuestions: Questions loading completed
⚡ PERFORMANCE: loadTime = 1001ms
🎯 USER ACTION: Changed language to Spanish
💾 PERSISTENCE: localStorage read (i18nextLng)
   Value: de
💾 PERSISTENCE: Language preference stored (i18nextLng)
   Value: de
🔄 STATE CHANGE: 🔄 useQuestions: Loading data for language: de
🔄 STATE CHANGE: 🔄 useQuestions: Starting loadAllData
🔄 STATE CHANGE: 🔄 useQuestions: Loading data for language: de
🔄 STATE CHANGE: 🔄 useQuestions: Starting loadAllData
🔄 STATE CHANGE: 🔄 useQuestions: Categories loaded: 33
🔄 STATE CHANGE: 🔄 useQuestions: Proceeding to load questions
🔄 STATE CHANGE: 🔄 loadQuestions: Starting with language: de, categories: 33
🔄 STATE CHANGE: 🔄 loadQuestions: Calling loadQuestionsFromJson
🔄 STATE CHANGE: 🔄 useQuestions: Categories loaded: 33
🔄 STATE CHANGE: 🔄 useQuestions: Proceeding to load questions
🔄 STATE CHANGE: 🔄 loadQuestions: Starting with language: de, categories: 33
🔄 STATE CHANGE: 🔄 loadQuestions: Calling loadQuestionsFromJson
🔄 STATE CHANGE: 🔄 loadQuestions: Received 1029 questions from JSON
🔄 STATE CHANGE: 🔄 useQuestions: Questions loading completed
🔄 STATE CHANGE: 🔄 loadQuestions: Received 1029 questions from JSON
🔄 STATE CHANGE: 🔄 useQuestions: Questions loading completed
⚡ PERFORMANCE: loadTime = 707ms
🎯 USER ACTION: Page reloaded
🌐 DATA FLOW: Language restored after reload
   Data: { language: [32m'unknown'[39m }

[[ATTACHMENT|..\test-results\foundation-translation-sys-89fb2--preference-in-localStorage-foundation-tests\test-failed-1.png]]

[[ATTACHMENT|..\test-results\foundation-translation-sys-89fb2--preference-in-localStorage-foundation-tests\video.webm]]

[[ATTACHMENT|..\test-results\foundation-translation-sys-89fb2--preference-in-localStorage-foundation-tests\error-context.md]]
]]>
</system-out>
</testcase>
<testcase name="Foundation: Translation System › should detect browser language correctly" classname="foundation\translation-system.spec.ts" time="1.673">
<failure message="translation-system.spec.ts:216:7 should detect browser language correctly" type="FAILURE">
<![CDATA[  [foundation-tests] › foundation\translation-system.spec.ts:216:7 › Foundation: Translation System › should detect browser language correctly 

    Error: expect(received).toContain(expected) // indexOf

    Expected value: "unknown"
    Received array: ["de", "en", "es", "fr"]

      238 |     
      239 |     // Should detect German or fall back to supported language
    > 240 |     expect(['de', 'en', 'es', 'fr']).toContain(detectedLanguage);
          |                                      ^
      241 |     
      242 |     const report = tracker.generateReport();
      243 |     expect(report.errors.length).toBeLessThan(3);
        at C:\Users\pbziu\OneDrive\Dokumente\Development\blamegame\tests\foundation\translation-system.spec.ts:240:38

    attachment #1: screenshot (image/png) ──────────────────────────────────────────────────────────
    ..\test-results\foundation-translation-sys-0a106--browser-language-correctly-foundation-tests\test-failed-1.png
    ────────────────────────────────────────────────────────────────────────────────────────────────

    attachment #2: video (video/webm) ──────────────────────────────────────────────────────────────
    ..\test-results\foundation-translation-sys-0a106--browser-language-correctly-foundation-tests\video.webm
    ────────────────────────────────────────────────────────────────────────────────────────────────

    Error Context: ..\test-results\foundation-translation-sys-0a106--browser-language-correctly-foundation-tests\error-context.md
]]>
</failure>
<system-out>
<![CDATA[🔄 STATE CHANGE: 🔄 useQuestions: Loading data for language: de
🔄 STATE CHANGE: 🔄 useQuestions: Starting loadAllData
🔄 STATE CHANGE: 🔄 useQuestions: Loading data for language: de
🔄 STATE CHANGE: 🔄 useQuestions: Starting loadAllData
🔄 STATE CHANGE: 🔄 useQuestions: Categories loaded: 33
🔄 STATE CHANGE: 🔄 useQuestions: Proceeding to load questions
🔄 STATE CHANGE: 🔄 loadQuestions: Starting with language: de, categories: 33
🔄 STATE CHANGE: 🔄 loadQuestions: Calling loadQuestionsFromJson
🔄 STATE CHANGE: 🔄 useQuestions: Categories loaded: 33
🔄 STATE CHANGE: 🔄 useQuestions: Proceeding to load questions
🔄 STATE CHANGE: 🔄 loadQuestions: Starting with language: de, categories: 33
🔄 STATE CHANGE: 🔄 loadQuestions: Calling loadQuestionsFromJson
🔄 STATE CHANGE: 🔄 loadQuestions: Received 1029 questions from JSON
🔄 STATE CHANGE: 🔄 useQuestions: Questions loading completed
🔄 STATE CHANGE: 🔄 loadQuestions: Received 1029 questions from JSON
🔄 STATE CHANGE: 🔄 useQuestions: Questions loading completed
⚡ PERFORMANCE: loadTime = 987ms
🌐 DATA FLOW: Browser language detection
   Data: { detected: [32m'unknown'[39m }

[[ATTACHMENT|..\test-results\foundation-translation-sys-0a106--browser-language-correctly-foundation-tests\test-failed-1.png]]

[[ATTACHMENT|..\test-results\foundation-translation-sys-0a106--browser-language-correctly-foundation-tests\video.webm]]

[[ATTACHMENT|..\test-results\foundation-translation-sys-0a106--browser-language-correctly-foundation-tests\error-context.md]]
]]>
</system-out>
</testcase>
<testcase name="Foundation: Translation System › should handle rapid language switching" classname="foundation\translation-system.spec.ts" time="4.012">
<failure message="translation-system.spec.ts:246:7 should handle rapid language switching" type="FAILURE">
<![CDATA[  [foundation-tests] › foundation\translation-system.spec.ts:246:7 › Foundation: Translation System › should handle rapid language switching 

    Error: expect(received).toContain(expected) // indexOf

    Expected value: "unknown"
    Received array: ["de", "en", "es", "fr"]

      276 |     
      277 |     tracker.logDataFlow('Final language after rapid switching', { language: finalLanguage });
    > 278 |     expect(['de', 'en', 'es', 'fr']).toContain(finalLanguage);
          |                                      ^
      279 |     
      280 |     // Check that app is still functional
      281 |     const appStillWorks = await page.locator('body').isVisible();
        at C:\Users\pbziu\OneDrive\Dokumente\Development\blamegame\tests\foundation\translation-system.spec.ts:278:38

    attachment #1: screenshot (image/png) ──────────────────────────────────────────────────────────
    ..\test-results\foundation-translation-sys-94f8a-le-rapid-language-switching-foundation-tests\test-failed-1.png
    ────────────────────────────────────────────────────────────────────────────────────────────────

    attachment #2: video (video/webm) ──────────────────────────────────────────────────────────────
    ..\test-results\foundation-translation-sys-94f8a-le-rapid-language-switching-foundation-tests\video.webm
    ────────────────────────────────────────────────────────────────────────────────────────────────

    Error Context: ..\test-results\foundation-translation-sys-94f8a-le-rapid-language-switching-foundation-tests\error-context.md
]]>
</failure>
<system-out>
<![CDATA[🔄 STATE CHANGE: 🔄 useQuestions: Loading data for language: de
🔄 STATE CHANGE: 🔄 useQuestions: Starting loadAllData
🔄 STATE CHANGE: 🔄 useQuestions: Loading data for language: de
🔄 STATE CHANGE: 🔄 useQuestions: Starting loadAllData
🔄 STATE CHANGE: 🔄 useQuestions: Categories loaded: 33
🔄 STATE CHANGE: 🔄 useQuestions: Proceeding to load questions
🔄 STATE CHANGE: 🔄 loadQuestions: Starting with language: de, categories: 33
🔄 STATE CHANGE: 🔄 loadQuestions: Calling loadQuestionsFromJson
🔄 STATE CHANGE: 🔄 useQuestions: Categories loaded: 33
🔄 STATE CHANGE: 🔄 useQuestions: Proceeding to load questions
🔄 STATE CHANGE: 🔄 loadQuestions: Starting with language: de, categories: 33
🔄 STATE CHANGE: 🔄 loadQuestions: Calling loadQuestionsFromJson
🔄 STATE CHANGE: 🔄 loadQuestions: Received 1029 questions from JSON
🔄 STATE CHANGE: 🔄 useQuestions: Questions loading completed
🔄 STATE CHANGE: 🔄 loadQuestions: Received 1029 questions from JSON
🔄 STATE CHANGE: 🔄 useQuestions: Questions loading completed
⚡ PERFORMANCE: loadTime = 1020ms
🎯 USER ACTION: Rapid language switch on de
   Details: { iteration: [33m0[39m }
🎯 USER ACTION: Rapid language switch on en
   Details: { iteration: [33m1[39m }
🎯 USER ACTION: Rapid language switch on es
   Details: { iteration: [33m2[39m }
🎯 USER ACTION: Rapid language switch on fr
   Details: { iteration: [33m3[39m }
🎯 USER ACTION: Rapid language switch on de
   Details: { iteration: [33m4[39m }
🎯 USER ACTION: Rapid language switch on en
   Details: { iteration: [33m5[39m }
🎯 USER ACTION: Rapid language switch on es
   Details: { iteration: [33m6[39m }
🎯 USER ACTION: Rapid language switch on fr
   Details: { iteration: [33m7[39m }
🎯 USER ACTION: Rapid language switch on de
   Details: { iteration: [33m8[39m }
🎯 USER ACTION: Rapid language switch on en
   Details: { iteration: [33m9[39m }
🌐 DATA FLOW: Final language after rapid switching
   Data: { language: [32m'unknown'[39m }

[[ATTACHMENT|..\test-results\foundation-translation-sys-94f8a-le-rapid-language-switching-foundation-tests\test-failed-1.png]]

[[ATTACHMENT|..\test-results\foundation-translation-sys-94f8a-le-rapid-language-switching-foundation-tests\video.webm]]

[[ATTACHMENT|..\test-results\foundation-translation-sys-94f8a-le-rapid-language-switching-foundation-tests\error-context.md]]
]]>
</system-out>
</testcase>
</testsuite>
<testsuite name="flows\nameblame-mode\blame-progression.spec.ts" timestamp="2025-09-07T17:38:05.880Z" hostname="nameblame-mode-flows" tests="2" failures="0" skipped="2" time="0" errors="0">
<testcase name="NameBlame Chain Progression Flow › should follow blame chain: blame → reveal → next question with blamed player active" classname="flows\nameblame-mode\blame-progression.spec.ts" time="0">
<skipped>
</skipped>
</testcase>
<testcase name="NameBlame Chain Progression Flow › should display proper blame context in reveal phase" classname="flows\nameblame-mode\blame-progression.spec.ts" time="0">
<skipped>
</skipped>
</testcase>
</testsuite>
<testsuite name="flows\nameblame-mode\blame-progression.spec.ts" timestamp="2025-09-07T17:38:05.880Z" hostname="cross-browser-firefox" tests="2" failures="0" skipped="2" time="0" errors="0">
<testcase name="NameBlame Chain Progression Flow › should follow blame chain: blame → reveal → next question with blamed player active" classname="flows\nameblame-mode\blame-progression.spec.ts" time="0">
<skipped>
</skipped>
</testcase>
<testcase name="NameBlame Chain Progression Flow › should display proper blame context in reveal phase" classname="flows\nameblame-mode\blame-progression.spec.ts" time="0">
<skipped>
</skipped>
</testcase>
</testsuite>
<testsuite name="flows\nameblame-mode\blame-progression.spec.ts" timestamp="2025-09-07T17:38:05.880Z" hostname="cross-browser-webkit" tests="2" failures="0" skipped="2" time="0" errors="0">
<testcase name="NameBlame Chain Progression Flow › should follow blame chain: blame → reveal → next question with blamed player active" classname="flows\nameblame-mode\blame-progression.spec.ts" time="0">
<skipped>
</skipped>
</testcase>
<testcase name="NameBlame Chain Progression Flow › should display proper blame context in reveal phase" classname="flows\nameblame-mode\blame-progression.spec.ts" time="0">
<skipped>
</skipped>
</testcase>
</testsuite>
<testsuite name="flows\nameblame-mode\blame-progression.spec.ts" timestamp="2025-09-07T17:38:05.880Z" hostname="mobile-chrome" tests="2" failures="0" skipped="2" time="0" errors="0">
<testcase name="NameBlame Chain Progression Flow › should follow blame chain: blame → reveal → next question with blamed player active" classname="flows\nameblame-mode\blame-progression.spec.ts" time="0">
<skipped>
</skipped>
</testcase>
<testcase name="NameBlame Chain Progression Flow › should display proper blame context in reveal phase" classname="flows\nameblame-mode\blame-progression.spec.ts" time="0">
<skipped>
</skipped>
</testcase>
</testsuite>
<testsuite name="flows\nameblame-mode\blame-progression.spec.ts" timestamp="2025-09-07T17:38:05.880Z" hostname="mobile-safari" tests="2" failures="0" skipped="2" time="0" errors="0">
<testcase name="NameBlame Chain Progression Flow › should follow blame chain: blame → reveal → next question with blamed player active" classname="flows\nameblame-mode\blame-progression.spec.ts" time="0">
<skipped>
</skipped>
</testcase>
<testcase name="NameBlame Chain Progression Flow › should display proper blame context in reveal phase" classname="flows\nameblame-mode\blame-progression.spec.ts" time="0">
<skipped>
</skipped>
</testcase>
</testsuite>
</testsuites>