<testsuites id="" name="" tests="7" failures="3" skipped="0" errors="0" time="6.843870000000001">
<testsuite name="foundation\app-initialization.spec.ts" timestamp="2025-09-24T12:12:06.277Z" hostname="foundation-tests" tests="7" failures="3" skipped="0" time="17.45" errors="0">
<testcase name="Foundation: App Initialization › should initialize app and load core data successfully" classname="foundation\app-initialization.spec.ts" time="3.413">
<failure message="app-initialization.spec.ts:19:7 should initialize app and load core data successfully" type="FAILURE">
<![CDATA[  [foundation-tests] › foundation\app-initialization.spec.ts:19:7 › Foundation: App Initialization › should initialize app and load core data successfully 

    Error: expect(received).toBe(expected) // Object.is equality

    Expected: true
    Received: false

      45 |     // Verify translation system
      46 |     const translationsWorking = await verifyTranslationSystem(page, tracker);
    > 47 |     expect(translationsWorking).toBe(true);
         |                                 ^
      48 |     
      49 |     // Check for any console errors
      50 |     const report = tracker.generateReport();
        at C:\Users\pbziu\OneDrive\Dokumente\Development\blamegame\tests\foundation\app-initialization.spec.ts:47:33

    attachment #1: screenshot (image/png) ──────────────────────────────────────────────────────────
    ..\test-results\foundation-app-initializat-325fb-load-core-data-successfully-foundation-tests\test-failed-1.png
    ────────────────────────────────────────────────────────────────────────────────────────────────

    attachment #2: video (video/webm) ──────────────────────────────────────────────────────────────
    ..\test-results\foundation-app-initializat-325fb-load-core-data-successfully-foundation-tests\video.webm
    ────────────────────────────────────────────────────────────────────────────────────────────────

    Error Context: ..\test-results\foundation-app-initializat-325fb-load-core-data-successfully-foundation-tests\error-context.md
]]>
</failure>
<system-out>
<![CDATA[🎯 USER ACTION: Navigate to app
🎮 GAME LOGIC: 🎮 NameBlameModule.init() called with provider: null
🎮 GAME LOGIC: 🎮 Created filtered question provider with 40 questions
🎮 GAME LOGIC: 🎮 Set window.gameQuestions to 1029 questions
🎮 GAME LOGIC: 🎮 Set window.gameCategories to 33 categories
🎮 GAME LOGIC: 🎮 Entering intro phase - resetting provider state
🎮 GAME LOGIC: 🎮 Entering intro phase - resetting provider state
⚡ PERFORMANCE: loadTime = 1332ms
🎯 USER ACTION: Verify app title
🎮 GAME LOGIC: App container rendered
📸 SCREENSHOT: app-initialization-basic-initial-load-1758715931814.png
🌐 DATA FLOW: Questions loaded
   Data: Questions available in window.gameQuestions
🌐 DATA FLOW: Translation system check
   Data: { translationsLoaded: [33mfalse[39m }

[[ATTACHMENT|..\test-results\foundation-app-initializat-325fb-load-core-data-successfully-foundation-tests\test-failed-1.png]]

[[ATTACHMENT|..\test-results\foundation-app-initializat-325fb-load-core-data-successfully-foundation-tests\video.webm]]

[[ATTACHMENT|..\test-results\foundation-app-initializat-325fb-load-core-data-successfully-foundation-tests\error-context.md]]
]]>
</system-out>
</testcase>
<testcase name="Foundation: App Initialization › should load all required question categories" classname="foundation\app-initialization.spec.ts" time="3.08">
<system-out>
<![CDATA[🎮 GAME LOGIC: 🎮 NameBlameModule.init() called with provider: null
🎮 GAME LOGIC: 🎮 Created filtered question provider with 40 questions
🎮 GAME LOGIC: 🎮 Set window.gameQuestions to 1029 questions
🎮 GAME LOGIC: 🎮 Set window.gameCategories to 33 categories
🎮 GAME LOGIC: 🎮 Entering intro phase - resetting provider state
🎮 GAME LOGIC: 🎮 Entering intro phase - resetting provider state
⚡ PERFORMANCE: loadTime = 1043ms
🌐 DATA FLOW: Waiting for categories to load
🌐 DATA FLOW: Categories loaded
   Data: { count: [33m33[39m }
🌐 DATA FLOW: Category structure validation passed
📊 TEST REPORT: app-initialization-categories
   Duration: 2072ms
   User Actions: 0
   State Changes: 0
   Errors: 0
   Screenshots: 0
   Avg Interaction Time: 0ms
]]>
</system-out>
</testcase>
<testcase name="Foundation: App Initialization › should load sufficient questions for gameplay" classname="foundation\app-initialization.spec.ts" time="2.961">
<system-out>
<![CDATA[🎮 GAME LOGIC: 🎮 NameBlameModule.init() called with provider: null
🎮 GAME LOGIC: 🎮 Created filtered question provider with 40 questions
🎮 GAME LOGIC: 🎮 Set window.gameQuestions to 1029 questions
🎮 GAME LOGIC: 🎮 Set window.gameCategories to 33 categories
🎮 GAME LOGIC: 🎮 Entering intro phase - resetting provider state
🎮 GAME LOGIC: 🎮 Entering intro phase - resetting provider state
⚡ PERFORMANCE: loadTime = 1311ms
🌐 DATA FLOW: Questions loaded
   Data: Questions available in window.gameQuestions
🌐 DATA FLOW: Total questions loaded
   Data: { count: [33m1029[39m }
🌐 DATA FLOW: Question structure validation passed
📊 TEST REPORT: app-initialization-questions
   Duration: 1899ms
   User Actions: 0
   State Changes: 0
   Errors: 0
   Screenshots: 0
   Avg Interaction Time: 0ms
]]>
</system-out>
</testcase>
<testcase name="Foundation: App Initialization › should handle network failures gracefully" classname="foundation\app-initialization.spec.ts" time="0.728">
<failure message="app-initialization.spec.ts:132:7 should handle network failures gracefully" type="FAILURE">
<![CDATA[  [foundation-tests] › foundation\app-initialization.spec.ts:132:7 › Foundation: App Initialization › should handle network failures gracefully 

    Error: page.goto: net::ERR_INTERNET_DISCONNECTED at http://localhost:5173/
    Call log:
      - navigating to "http://localhost:5173/", waiting until "load"


      137 |     tracker.logDataFlow('Network set to offline');
      138 |     
    > 139 |     await page.goto('/');
          |                ^
      140 |     
      141 |     // App should still load basic structure even offline
      142 |     await expect(page.locator('body')).toBeVisible();
        at C:\Users\pbziu\OneDrive\Dokumente\Development\blamegame\tests\foundation\app-initialization.spec.ts:139:16

    attachment #1: screenshot (image/png) ──────────────────────────────────────────────────────────
    ..\test-results\foundation-app-initializat-6eb0b-network-failures-gracefully-foundation-tests\test-failed-1.png
    ────────────────────────────────────────────────────────────────────────────────────────────────

    attachment #2: video (video/webm) ──────────────────────────────────────────────────────────────
    ..\test-results\foundation-app-initializat-6eb0b-network-failures-gracefully-foundation-tests\video.webm
    ────────────────────────────────────────────────────────────────────────────────────────────────
]]>
</failure>
<system-out>
<![CDATA[🌐 DATA FLOW: Network set to offline

[[ATTACHMENT|..\test-results\foundation-app-initializat-6eb0b-network-failures-gracefully-foundation-tests\test-failed-1.png]]

[[ATTACHMENT|..\test-results\foundation-app-initializat-6eb0b-network-failures-gracefully-foundation-tests\video.webm]]
]]>
</system-out>
</testcase>
<testcase name="Foundation: App Initialization › should initialize with correct default settings" classname="foundation\app-initialization.spec.ts" time="3.038">
<system-out>
<![CDATA[🎮 GAME LOGIC: 🎮 NameBlameModule.init() called with provider: null
🎮 GAME LOGIC: 🎮 Created filtered question provider with 40 questions
🎮 GAME LOGIC: 🎮 Set window.gameQuestions to 1029 questions
🎮 GAME LOGIC: 🎮 Set window.gameCategories to 33 categories
🎮 GAME LOGIC: 🎮 Entering intro phase - resetting provider state
🎮 GAME LOGIC: 🎮 Entering intro phase - resetting provider state
⚡ PERFORMANCE: loadTime = 1030ms
💾 PERSISTENCE: localStorage read (gameSettings)
💾 PERSISTENCE: Default settings loaded (gameSettings)
💾 PERSISTENCE: localStorage read (soundSettings)
📊 TEST REPORT: app-initialization-default-settings
   Duration: 2045ms
   User Actions: 0
   State Changes: 0
   Errors: 0
   Screenshots: 0
   Avg Interaction Time: 0ms
]]>
</system-out>
</testcase>
<testcase name="Foundation: App Initialization › should recover from corrupted localStorage" classname="foundation\app-initialization.spec.ts" time="0.756">
<failure message="app-initialization.spec.ts:196:7 should recover from corrupted localStorage" type="FAILURE">
<![CDATA[  [foundation-tests] › foundation\app-initialization.spec.ts:196:7 › Foundation: App Initialization › should recover from corrupted localStorage 

    Error: page.evaluate: SecurityError: Failed to read the 'localStorage' property from 'Window': Access is denied for this document.
        at UtilityScript.evaluate (<anonymous>:293:16)
        at UtilityScript.<anonymous> (<anonymous>:1:44)
        at UtilityScript.evaluate (<anonymous>:293:16)
        at UtilityScript.<anonymous> (<anonymous>:1:44)
        at C:\Users\pbziu\OneDrive\Dokumente\Development\blamegame\tests\foundation\app-initialization.spec.ts:200:16

    attachment #1: screenshot (image/png) ──────────────────────────────────────────────────────────
    ..\test-results\foundation-app-initializat-f0ecd-from-corrupted-localStorage-foundation-tests\test-failed-1.png
    ────────────────────────────────────────────────────────────────────────────────────────────────

    attachment #2: video (video/webm) ──────────────────────────────────────────────────────────────
    ..\test-results\foundation-app-initializat-f0ecd-from-corrupted-localStorage-foundation-tests\video.webm
    ────────────────────────────────────────────────────────────────────────────────────────────────
]]>
</failure>
<system-out>
<![CDATA[
[[ATTACHMENT|..\test-results\foundation-app-initializat-f0ecd-from-corrupted-localStorage-foundation-tests\test-failed-1.png]]

[[ATTACHMENT|..\test-results\foundation-app-initializat-f0ecd-from-corrupted-localStorage-foundation-tests\video.webm]]
]]>
</system-out>
</testcase>
<testcase name="Foundation: App Initialization › should display intro screen with start button" classname="foundation\app-initialization.spec.ts" time="3.474">
<system-out>
<![CDATA[🎮 GAME LOGIC: 🎮 NameBlameModule.init() called with provider: null
🎮 GAME LOGIC: 🎮 Created filtered question provider with 40 questions
🎮 GAME LOGIC: 🎮 Set window.gameQuestions to 1029 questions
🎮 GAME LOGIC: 🎮 Set window.gameCategories to 33 categories
🎮 GAME LOGIC: 🎮 Entering intro phase - resetting provider state
🎮 GAME LOGIC: 🎮 Entering intro phase - resetting provider state
⚡ PERFORMANCE: loadTime = 1025ms
🎯 USER ACTION: Game title visible
🎯 USER ACTION: Start button visible
🎯 USER ACTION: Settings button visible
📸 SCREENSHOT: app-initialization-intro-screen-intro-screen-1758715931998.png
📊 TEST REPORT: app-initialization-intro-screen
   Duration: 2571ms
   User Actions: 3
   State Changes: 0
   Errors: 0
   Screenshots: 1
   Avg Interaction Time: 0ms
]]>
</system-out>
</testcase>
</testsuite>
</testsuites>