<testsuites id="" name="" tests="43" failures="11" skipped="9" errors="0" time="33.683718">
<testsuite name="foundation\app-initialization.spec.ts" timestamp="2025-09-22T12:39:49.590Z" hostname="foundation-tests" tests="7" failures="5" skipped="0" time="35.805" errors="0">
<testcase name="Foundation: App Initialization › should initialize app and load core data successfully" classname="foundation\app-initialization.spec.ts" time="4.57">
<failure message="app-initialization.spec.ts:19:7 should initialize app and load core data successfully" type="FAILURE">
<![CDATA[  [foundation-tests] › foundation\app-initialization.spec.ts:19:7 › Foundation: App Initialization › should initialize app and load core data successfully 

    Error: expect(received).toBe(expected) // Object.is equality

    Expected: true
    Received: false

      45 |     // Verify translation system
      46 |     const translationsWorking = await verifyTranslationSystem(page, tracker);
    > 47 |     expect(translationsWorking).toBe(true);
         |                                 ^
      48 |     
      49 |     // Check for any console errors
      50 |     const report = tracker.generateReport();
        at C:\Users\pbziu\OneDrive\Dokumente\Development\blamegame\tests\foundation\app-initialization.spec.ts:47:33

    attachment #1: screenshot (image/png) ──────────────────────────────────────────────────────────
    ..\test-results\foundation-app-initializat-325fb-load-core-data-successfully-foundation-tests\test-failed-1.png
    ────────────────────────────────────────────────────────────────────────────────────────────────

    attachment #2: video (video/webm) ──────────────────────────────────────────────────────────────
    ..\test-results\foundation-app-initializat-325fb-load-core-data-successfully-foundation-tests\video.webm
    ────────────────────────────────────────────────────────────────────────────────────────────────

    Error Context: ..\test-results\foundation-app-initializat-325fb-load-core-data-successfully-foundation-tests\error-context.md
]]>
</failure>
<system-out>
<![CDATA[🎯 USER ACTION: Navigate to app
🎮 GAME LOGIC: 🎮 NameBlameModule.init() called with provider: null
🎮 GAME LOGIC: 🎮 Created new StaticListProvider with 5 questions
🎮 GAME LOGIC: 🎮 Set window.gameQuestions to 5 questions
🎮 GAME LOGIC: 🎮 Set window.gameCategories to 5 categories
🎮 GAME LOGIC: 🎮 Entering intro phase - resetting provider state
🎮 GAME LOGIC: 🎮 Entering intro phase - resetting provider state
⚡ PERFORMANCE: loadTime = 545ms
🎯 USER ACTION: Verify app title
🎮 GAME LOGIC: App container rendered
📸 SCREENSHOT: app-initialization-basic-initial-load-1758544796036.png
🌐 DATA FLOW: Questions loaded
   Data: Questions available in window.gameQuestions
🌐 DATA FLOW: Translation system check
   Data: { translationsLoaded: [33mfalse[39m }

[[ATTACHMENT|..\test-results\foundation-app-initializat-325fb-load-core-data-successfully-foundation-tests\test-failed-1.png]]

[[ATTACHMENT|..\test-results\foundation-app-initializat-325fb-load-core-data-successfully-foundation-tests\video.webm]]

[[ATTACHMENT|..\test-results\foundation-app-initializat-325fb-load-core-data-successfully-foundation-tests\error-context.md]]
]]>
</system-out>
</testcase>
<testcase name="Foundation: App Initialization › should load all required question categories" classname="foundation\app-initialization.spec.ts" time="13.821">
<failure message="app-initialization.spec.ts:54:7 should load all required question categories" type="FAILURE">
<![CDATA[  [foundation-tests] › foundation\app-initialization.spec.ts:54:7 › Foundation: App Initialization › should load all required question categories 

    TimeoutError: page.waitForFunction: Timeout 10000ms exceeded.

      60 |     // Wait for categories to load
      61 |     tracker.logDataFlow('Waiting for categories to load');
    > 62 |     const categoriesLoaded = await page.waitForFunction(() => {
         |                                         ^
      63 |       return window.gameCategories && window.gameCategories.length >= 30;
      64 |     }, { timeout: 10000 });
      65 |     
        at C:\Users\pbziu\OneDrive\Dokumente\Development\blamegame\tests\foundation\app-initialization.spec.ts:62:41

    attachment #1: screenshot (image/png) ──────────────────────────────────────────────────────────
    ..\test-results\foundation-app-initializat-6d723-equired-question-categories-foundation-tests\test-failed-1.png
    ────────────────────────────────────────────────────────────────────────────────────────────────

    attachment #2: video (video/webm) ──────────────────────────────────────────────────────────────
    ..\test-results\foundation-app-initializat-6d723-equired-question-categories-foundation-tests\video.webm
    ────────────────────────────────────────────────────────────────────────────────────────────────

    Error Context: ..\test-results\foundation-app-initializat-6d723-equired-question-categories-foundation-tests\error-context.md
]]>
</failure>
<system-out>
<![CDATA[🎮 GAME LOGIC: 🎮 NameBlameModule.init() called with provider: null
🎮 GAME LOGIC: 🎮 Created new StaticListProvider with 5 questions
🎮 GAME LOGIC: 🎮 Set window.gameQuestions to 5 questions
🎮 GAME LOGIC: 🎮 Set window.gameCategories to 5 categories
🎮 GAME LOGIC: 🎮 Entering intro phase - resetting provider state
🎮 GAME LOGIC: 🎮 Entering intro phase - resetting provider state
⚡ PERFORMANCE: loadTime = 550ms
🌐 DATA FLOW: Waiting for categories to load

[[ATTACHMENT|..\test-results\foundation-app-initializat-6d723-equired-question-categories-foundation-tests\test-failed-1.png]]

[[ATTACHMENT|..\test-results\foundation-app-initializat-6d723-equired-question-categories-foundation-tests\video.webm]]

[[ATTACHMENT|..\test-results\foundation-app-initializat-6d723-equired-question-categories-foundation-tests\error-context.md]]
]]>
</system-out>
</testcase>
<testcase name="Foundation: App Initialization › should load sufficient questions for gameplay" classname="foundation\app-initialization.spec.ts" time="4.109">
<failure message="app-initialization.spec.ts:92:7 should load sufficient questions for gameplay" type="FAILURE">
<![CDATA[  [foundation-tests] › foundation\app-initialization.spec.ts:92:7 › Foundation: App Initialization › should load sufficient questions for gameplay 

    Error: expect(received).toBeGreaterThanOrEqual(expected)

    Expected: >= 1000
    Received:    5

      110 |     
      111 |     // Should have at least 1000 questions (documented as 1029+)
    > 112 |     expect(totalQuestions).toBeGreaterThanOrEqual(1000);
          |                            ^
      113 |     
      114 |     // Verify question structure
      115 |     const questionsValid = await page.evaluate(() => {
        at C:\Users\pbziu\OneDrive\Dokumente\Development\blamegame\tests\foundation\app-initialization.spec.ts:112:28

    attachment #1: screenshot (image/png) ──────────────────────────────────────────────────────────
    ..\test-results\foundation-app-initializat-59854-ient-questions-for-gameplay-foundation-tests\test-failed-1.png
    ────────────────────────────────────────────────────────────────────────────────────────────────

    attachment #2: video (video/webm) ──────────────────────────────────────────────────────────────
    ..\test-results\foundation-app-initializat-59854-ient-questions-for-gameplay-foundation-tests\video.webm
    ────────────────────────────────────────────────────────────────────────────────────────────────

    Error Context: ..\test-results\foundation-app-initializat-59854-ient-questions-for-gameplay-foundation-tests\error-context.md
]]>
</failure>
<system-out>
<![CDATA[🎮 GAME LOGIC: 🎮 NameBlameModule.init() called with provider: null
🎮 GAME LOGIC: 🎮 Created new StaticListProvider with 5 questions
🎮 GAME LOGIC: 🎮 Set window.gameQuestions to 5 questions
🎮 GAME LOGIC: 🎮 Set window.gameCategories to 5 categories
🎮 GAME LOGIC: 🎮 Entering intro phase - resetting provider state
🎮 GAME LOGIC: 🎮 Entering intro phase - resetting provider state
⚡ PERFORMANCE: loadTime = 553ms
🌐 DATA FLOW: Questions loaded
   Data: Questions available in window.gameQuestions
🌐 DATA FLOW: Total questions loaded
   Data: { count: [33m5[39m }

[[ATTACHMENT|..\test-results\foundation-app-initializat-59854-ient-questions-for-gameplay-foundation-tests\test-failed-1.png]]

[[ATTACHMENT|..\test-results\foundation-app-initializat-59854-ient-questions-for-gameplay-foundation-tests\video.webm]]

[[ATTACHMENT|..\test-results\foundation-app-initializat-59854-ient-questions-for-gameplay-foundation-tests\error-context.md]]
]]>
</system-out>
</testcase>
<testcase name="Foundation: App Initialization › should handle network failures gracefully" classname="foundation\app-initialization.spec.ts" time="2.334">
<failure message="app-initialization.spec.ts:132:7 should handle network failures gracefully" type="FAILURE">
<![CDATA[  [foundation-tests] › foundation\app-initialization.spec.ts:132:7 › Foundation: App Initialization › should handle network failures gracefully 

    Error: page.goto: net::ERR_INTERNET_DISCONNECTED at http://localhost:5173/
    Call log:
      - navigating to "http://localhost:5173/", waiting until "load"


      137 |     tracker.logDataFlow('Network set to offline');
      138 |     
    > 139 |     await page.goto('/');
          |                ^
      140 |     
      141 |     // App should still load basic structure even offline
      142 |     await expect(page.locator('body')).toBeVisible();
        at C:\Users\pbziu\OneDrive\Dokumente\Development\blamegame\tests\foundation\app-initialization.spec.ts:139:16

    attachment #1: screenshot (image/png) ──────────────────────────────────────────────────────────
    ..\test-results\foundation-app-initializat-6eb0b-network-failures-gracefully-foundation-tests\test-failed-1.png
    ────────────────────────────────────────────────────────────────────────────────────────────────

    attachment #2: video (video/webm) ──────────────────────────────────────────────────────────────
    ..\test-results\foundation-app-initializat-6eb0b-network-failures-gracefully-foundation-tests\video.webm
    ────────────────────────────────────────────────────────────────────────────────────────────────
]]>
</failure>
<system-out>
<![CDATA[🌐 DATA FLOW: Network set to offline

[[ATTACHMENT|..\test-results\foundation-app-initializat-6eb0b-network-failures-gracefully-foundation-tests\test-failed-1.png]]

[[ATTACHMENT|..\test-results\foundation-app-initializat-6eb0b-network-failures-gracefully-foundation-tests\video.webm]]
]]>
</system-out>
</testcase>
<testcase name="Foundation: App Initialization › should initialize with correct default settings" classname="foundation\app-initialization.spec.ts" time="4.106">
<system-out>
<![CDATA[🎮 GAME LOGIC: 🎮 NameBlameModule.init() called with provider: null
🎮 GAME LOGIC: 🎮 Created new StaticListProvider with 5 questions
🎮 GAME LOGIC: 🎮 Set window.gameQuestions to 5 questions
🎮 GAME LOGIC: 🎮 Set window.gameCategories to 5 categories
🎮 GAME LOGIC: 🎮 Entering intro phase - resetting provider state
🎮 GAME LOGIC: 🎮 Entering intro phase - resetting provider state
⚡ PERFORMANCE: loadTime = 567ms
💾 PERSISTENCE: localStorage read (gameSettings)
💾 PERSISTENCE: Default settings loaded (gameSettings)
💾 PERSISTENCE: localStorage read (soundSettings)
📊 TEST REPORT: app-initialization-default-settings
   Duration: 1368ms
   User Actions: 0
   State Changes: 0
   Errors: 0
   Screenshots: 0
   Avg Interaction Time: 0ms
]]>
</system-out>
</testcase>
<testcase name="Foundation: App Initialization › should recover from corrupted localStorage" classname="foundation\app-initialization.spec.ts" time="2.367">
<failure message="app-initialization.spec.ts:196:7 should recover from corrupted localStorage" type="FAILURE">
<![CDATA[  [foundation-tests] › foundation\app-initialization.spec.ts:196:7 › Foundation: App Initialization › should recover from corrupted localStorage 

    Error: page.evaluate: SecurityError: Failed to read the 'localStorage' property from 'Window': Access is denied for this document.
        at UtilityScript.evaluate (<anonymous>:293:16)
        at UtilityScript.<anonymous> (<anonymous>:1:44)
        at UtilityScript.evaluate (<anonymous>:293:16)
        at UtilityScript.<anonymous> (<anonymous>:1:44)
        at C:\Users\pbziu\OneDrive\Dokumente\Development\blamegame\tests\foundation\app-initialization.spec.ts:200:16

    attachment #1: screenshot (image/png) ──────────────────────────────────────────────────────────
    ..\test-results\foundation-app-initializat-f0ecd-from-corrupted-localStorage-foundation-tests\test-failed-1.png
    ────────────────────────────────────────────────────────────────────────────────────────────────

    attachment #2: video (video/webm) ──────────────────────────────────────────────────────────────
    ..\test-results\foundation-app-initializat-f0ecd-from-corrupted-localStorage-foundation-tests\video.webm
    ────────────────────────────────────────────────────────────────────────────────────────────────
]]>
</failure>
<system-out>
<![CDATA[
[[ATTACHMENT|..\test-results\foundation-app-initializat-f0ecd-from-corrupted-localStorage-foundation-tests\test-failed-1.png]]

[[ATTACHMENT|..\test-results\foundation-app-initializat-f0ecd-from-corrupted-localStorage-foundation-tests\video.webm]]
]]>
</system-out>
</testcase>
<testcase name="Foundation: App Initialization › should display intro screen with start button" classname="foundation\app-initialization.spec.ts" time="4.498">
<system-out>
<![CDATA[🎮 GAME LOGIC: 🎮 NameBlameModule.init() called with provider: null
🎮 GAME LOGIC: 🎮 Created new StaticListProvider with 5 questions
🎮 GAME LOGIC: 🎮 Set window.gameQuestions to 5 questions
🎮 GAME LOGIC: 🎮 Set window.gameCategories to 5 categories
🎮 GAME LOGIC: 🎮 Entering intro phase - resetting provider state
🎮 GAME LOGIC: 🎮 Entering intro phase - resetting provider state
⚡ PERFORMANCE: loadTime = 721ms
🎯 USER ACTION: Game title visible
🎯 USER ACTION: Start button visible
🎯 USER ACTION: Settings button visible
📸 SCREENSHOT: app-initialization-intro-screen-intro-screen-1758544796212.png
📊 TEST REPORT: app-initialization-intro-screen
   Duration: 2068ms
   User Actions: 3
   State Changes: 0
   Errors: 0
   Screenshots: 1
   Avg Interaction Time: 0ms
]]>
</system-out>
</testcase>
</testsuite>
<testsuite name="foundation\audio-system.spec.ts" timestamp="2025-09-22T12:39:49.590Z" hostname="foundation-tests" tests="5" failures="0" skipped="0" time="19.84" errors="0">
<testcase name="Foundation: Audio System › should initialize audio system correctly" classname="foundation\audio-system.spec.ts" time="4.104">
<system-out>
<![CDATA[🎮 GAME LOGIC: 🎮 NameBlameModule.init() called with provider: null
🎮 GAME LOGIC: 🎮 Created new StaticListProvider with 5 questions
🎮 GAME LOGIC: 🎮 Set window.gameQuestions to 5 questions
🎮 GAME LOGIC: 🎮 Set window.gameCategories to 5 categories
🎮 GAME LOGIC: 🎮 Entering intro phase - resetting provider state
🎮 GAME LOGIC: 🎮 Entering intro phase - resetting provider state
⚡ PERFORMANCE: loadTime = 548ms
🎵 AUDIO: Audio system check
   Details: { audioEnabled: [33mfalse[39m }
🎵 AUDIO: Audio system availability check
   Details: { available: [33mfalse[39m }
🎵 AUDIO: Audio system not available in test environment
📊 TEST REPORT: audio-system-initialization
   Duration: 1326ms
   User Actions: 0
   State Changes: 0
   Errors: 0
   Screenshots: 0
   Avg Interaction Time: 0ms
]]>
</system-out>
</testcase>
<testcase name="Foundation: Audio System › should handle audio settings correctly" classname="foundation\audio-system.spec.ts" time="4.727">
<system-out>
<![CDATA[🎮 GAME LOGIC: 🎮 NameBlameModule.init() called with provider: null
🎮 GAME LOGIC: 🎮 Created new StaticListProvider with 5 questions
🎮 GAME LOGIC: 🎮 Set window.gameQuestions to 5 questions
🎮 GAME LOGIC: 🎮 Set window.gameCategories to 5 categories
🎮 GAME LOGIC: 🎮 Entering intro phase - resetting provider state
🎮 GAME LOGIC: 🎮 Entering intro phase - resetting provider state
⚡ PERFORMANCE: loadTime = 582ms
💾 PERSISTENCE: localStorage write (audioSettings)
   Value: { enabled: [33mtrue[39m, volume: [33m0.7[39m, effectsEnabled: [33mtrue[39m }
🎵 AUDIO: Audio settings saved
   Details: { enabled: [33mtrue[39m, volume: [33m0.7[39m, effectsEnabled: [33mtrue[39m }
🎮 GAME LOGIC: 🎮 NameBlameModule.init() called with provider: null
🎮 GAME LOGIC: 🎮 Created new StaticListProvider with 5 questions
🎮 GAME LOGIC: 🎮 Set window.gameQuestions to 5 questions
🎮 GAME LOGIC: 🎮 Set window.gameCategories to 5 categories
🎮 GAME LOGIC: 🎮 Entering intro phase - resetting provider state
🎮 GAME LOGIC: 🎮 Entering intro phase - resetting provider state
⚡ PERFORMANCE: loadTime = 588ms
💾 PERSISTENCE: localStorage read (audioSettings)
   Value: {"enabled":true,"volume":0.7,"effectsEnabled":true}
🎵 AUDIO: Audio settings restored
   Details: { restored: [32m'success'[39m }
📊 TEST REPORT: audio-system-settings
   Duration: 2166ms
   User Actions: 0
   State Changes: 0
   Errors: 0
   Screenshots: 0
   Avg Interaction Time: 0ms
]]>
</system-out>
</testcase>
<testcase name="Foundation: Audio System › should handle audio loading failures gracefully" classname="foundation\audio-system.spec.ts" time="4.093">
<system-out>
<![CDATA[🎮 GAME LOGIC: 🎮 NameBlameModule.init() called with provider: null
🎮 GAME LOGIC: 🎮 Created new StaticListProvider with 5 questions
🎮 GAME LOGIC: 🎮 Set window.gameQuestions to 5 questions
🎮 GAME LOGIC: 🎮 Set window.gameCategories to 5 categories
🎮 GAME LOGIC: 🎮 Entering intro phase - resetting provider state
🎮 GAME LOGIC: 🎮 Entering intro phase - resetting provider state
⚡ PERFORMANCE: loadTime = 546ms
🎵 AUDIO: Audio loading test completed
   Details: { testCompleted: [33mtrue[39m }
📊 TEST REPORT: audio-system-loading-failures
   Duration: 1346ms
   User Actions: 0
   State Changes: 0
   Errors: 0
   Screenshots: 0
   Avg Interaction Time: 0ms
]]>
</system-out>
</testcase>
<testcase name="Foundation: Audio System › should respect volume controls" classname="foundation\audio-system.spec.ts" time="1.841">
<system-out>
<![CDATA[🎮 GAME LOGIC: 🎮 NameBlameModule.init() called with provider: null
🎮 GAME LOGIC: 🎮 Created new StaticListProvider with 5 questions
🎮 GAME LOGIC: 🎮 Set window.gameQuestions to 5 questions
🎮 GAME LOGIC: 🎮 Set window.gameCategories to 5 categories
🎮 GAME LOGIC: 🎮 Entering intro phase - resetting provider state
🎮 GAME LOGIC: 🎮 Entering intro phase - resetting provider state
⚡ PERFORMANCE: loadTime = 542ms
🎵 AUDIO: Volume controls detection
   Details: { hasControls: [33mfalse[39m }
📊 TEST REPORT: audio-system-volume-controls
   Duration: 973ms
   User Actions: 0
   State Changes: 0
   Errors: 0
   Screenshots: 0
   Avg Interaction Time: 0ms
]]>
</system-out>
</testcase>
<testcase name="Foundation: Audio System › should maintain audio state during gameplay" classname="foundation\audio-system.spec.ts" time="5.075">
<system-out>
<![CDATA[🎮 GAME LOGIC: 🎮 NameBlameModule.init() called with provider: null
🎮 GAME LOGIC: 🎮 Created new StaticListProvider with 5 questions
🎮 GAME LOGIC: 🎮 Set window.gameQuestions to 5 questions
🎮 GAME LOGIC: 🎮 Set window.gameCategories to 5 categories
🎮 GAME LOGIC: 🎮 Entering intro phase - resetting provider state
🎮 GAME LOGIC: 🎮 Entering intro phase - resetting provider state
⚡ PERFORMANCE: loadTime = 552ms
💾 PERSISTENCE: localStorage write (audioSettings)
   Value: { enabled: [33mtrue[39m, volume: [33m0.8[39m }
🎯 USER ACTION: Started game to test audio state
💾 PERSISTENCE: localStorage read (audioSettings)
   Value: {"enabled":true,"volume":0.8}
🎵 AUDIO: Audio settings during gameplay
   Details: { settingsFound: [32m'yes'[39m }
📊 TEST REPORT: audio-system-gameplay-state
   Duration: 4353ms
   User Actions: 1
   State Changes: 0
   Errors: 0
   Screenshots: 0
   Avg Interaction Time: 0ms
]]>
</system-out>
</testcase>
</testsuite>
<testsuite name="foundation\debug-framework-content.spec.ts" timestamp="2025-09-22T12:39:49.590Z" hostname="foundation-tests" tests="1" failures="0" skipped="0" time="4.742" errors="0">
<testcase name="Debug Framework Content › should show what is actually rendered" classname="foundation\debug-framework-content.spec.ts" time="4.742">
<system-out>
<![CDATA[🎮 GAME LOGIC: 🎮 NameBlameModule.init() called with provider: null
🎮 GAME LOGIC: 🎮 Created new StaticListProvider with 5 questions
🎮 GAME LOGIC: 🎮 Set window.gameQuestions to 5 questions
🎮 GAME LOGIC: 🎮 Set window.gameCategories to 5 categories
🎮 GAME LOGIC: 🎮 Entering intro phase - resetting provider state
🎮 GAME LOGIC: 🎮 Entering intro phase - resetting provider state
⚡ PERFORMANCE: loadTime = 544ms
ACTUAL PAGE CONTENT: {
  "title": "The Blame Game",
  "bodyText": "\n    BlameGameWem traust du was zu?Wer würde am ehesten...Was denkst du? Kennst du deine Freunde?Spiel startenManuelle KategorieauswahlNameBlame ModusDeutschEnglishEspañolFrançaisv1.0.0\n    \n  \n\n",
  "headings": [
    "BlameGame",
    "Wer würde am ehesten..."
  ],
  "buttons": [
    "Spiel starten",
    "Manuelle Kategorieauswahl",
    "",
    "",
    "",
    ""
  ],
  "hasGameMain": false,
  "hasSplitText": true,
  "allClasses": [],
  "bodyInnerHTML": "\n    <div id=\"root\"><div data-framework-host=\"true\" class=\"min-h-screen\"><div class=\"min-h-screen\"><div class=\"relative\"><div class=\"min-h-screen bg-gradient-to-br from-pink-400 via-purple-500 to-indigo-600 dark:from-gray-900 dark:via-gray-800 dark:to-gray-900 \"><div class=\"min-h-screen flex flex-col\"><div class=\"flex flex-col min-h-screen max-w-md lg:max-w-lg xl:max-w-xl mx-auto w-full px-4 sm:px-6\"><header class=\"flex-shrink-0 flex justify-center pt-6 pb-4 pt-6 pb-4\"><div class=\"bg-white rounded-3xl shadow-2xl p-4 md:p-6 w-full backdrop-blur-sm bg-white/90 dark:bg-gray-800/90\"><div class=\"text-center\"><div class=\"cursor-pointer hover:scale-105 transition-transform duration-200\" title=\"Click to return to main menu\"><h1 class=\"split-text text-4xl md:text-5xl font-bold text-transparent bg-clip-text bg-gradient-to-r from-purple-500 to-pink-500 dark:from-purple-400 dark:to-pink-400 mb-2 break-words drop-shadow-sm\"><span class=\"inline-block\" style=\"opacity: 1; transform: none;\">B</span><sp"
}
🎮 GAME LOGIC: Actual page content
   Data: {
  title: [32m'The Blame Game'[39m,
  bodyText: [32m'\n'[39m +
    [32m'    BlameGameWem traust du was zu?Wer würde am ehesten...Was denkst du? Kennst du deine Freunde?Spiel startenManuelle KategorieauswahlNameBlame ModusDeutschEnglishEspañolFrançaisv1.0.0\n'[39m +
    [32m'    \n'[39m +
    [32m'  \n'[39m +
    [32m'\n'[39m,
  headings: [ [32m'BlameGame'[39m, [32m'Wer würde am ehesten...'[39m ],
  buttons: [ [32m'Spiel starten'[39m, [32m'Manuelle Kategorieauswahl'[39m, [32m''[39m, [32m''[39m, [32m''[39m, [32m''[39m ],
  hasGameMain: [33mfalse[39m,
  hasSplitText: [33mtrue[39m,
  allClasses: [],
  bodyInnerHTML: [32m'\n'[39m +
    [32m'    <div id="root"><div data-framework-host="true" class="min-h-screen"><div class="min-h-screen"><div class="relative"><div class="min-h-screen bg-gradient-to-br from-pink-400 via-purple-500 to-indigo-600 dark:from-gray-900 dark:via-gray-800 dark:to-gray-900 "><div class="min-h-screen flex flex-col"><div class="flex flex-col min-h-screen max-w-md lg:max-w-lg xl:max-w-xl mx-auto w-full px-4 sm:px-6"><header class="flex-shrink-0 flex justify-center pt-6 pb-4 pt-6 pb-4"><div class="bg-white rounded-3xl shadow-2xl p-4 md:p-6 w-full backdrop-blur-sm bg-white/90 dark:bg-gray-800/90"><div class="text-center"><div class="cursor-pointer hover:scale-105 transition-transform duration-200" title="Click to return to main menu"><h1 class="split-text text-4xl md:text-5xl font-bold text-transparent bg-clip-text bg-gradient-to-r from-purple-500 to-pink-500 dark:from-purple-400 dark:to-pink-400 mb-2 break-words drop-shadow-sm"><span class="inline-block" style="opacity: 1; transform: none;">B</span><sp'[39m
}
📸 SCREENSHOT: debug-actual-content-actual-page-content-1758544800635.png
🎮 GAME LOGIC: Error check
   Data: { hasError: [33mfalse[39m }
📊 TEST REPORT: debug-actual-content
   Duration: 4280ms
   User Actions: 0
   State Changes: 0
   Errors: 0
   Screenshots: 1
   Avg Interaction Time: 0ms
DEBUG REPORT: {
  "testName": "debug-actual-content",
  "duration": 4280,
  "userActions": [],
  "stateChanges": [],
  "errors": [],
  "performance": {
    "loadTime": 544,
    "interactionTimes": [],
    "renderTimes": []
  },
  "screenshots": [
    "debug-actual-content-actual-page-content-1758544800635.png"
  ]
}
]]>
</system-out>
</testcase>
</testsuite>
<testsuite name="foundation\framework-foundation.spec.ts" timestamp="2025-09-22T12:39:49.590Z" hostname="foundation-tests" tests="5" failures="0" skipped="0" time="14.358" errors="0">
<testcase name="Framework Foundation Tests › should initialize framework and display title" classname="foundation\framework-foundation.spec.ts" time="2.23">
<system-out>
<![CDATA[🎯 USER ACTION: Navigate to framework app
🎮 GAME LOGIC: 🎮 NameBlameModule.init() called with provider: null
🎮 GAME LOGIC: 🎮 Created new StaticListProvider with 5 questions
🎮 GAME LOGIC: 🎮 Set window.gameQuestions to 5 questions
🎮 GAME LOGIC: 🎮 Set window.gameCategories to 5 categories
🎮 GAME LOGIC: 🎮 Entering intro phase - resetting provider state
🎮 GAME LOGIC: 🎮 Entering intro phase - resetting provider state
⚡ PERFORMANCE: loadTime = 550ms
🌐 DATA FLOW: Framework initialized
   Data: Framework components detected
🎮 GAME LOGIC: Framework initialized successfully
🎮 GAME LOGIC: Framework title detected
   Data: { title: [32m'BlameGame'[39m }
📸 SCREENSHOT: framework-basic-initialization-framework-initialized-1758544797984.png
📊 TEST REPORT: framework-basic-initialization
   Duration: 1356ms
   User Actions: 1
   State Changes: 0
   Errors: 0
   Screenshots: 1
   Avg Interaction Time: 0ms
]]>
</system-out>
</testcase>
<testcase name="Framework Foundation Tests › should have working start button" classname="foundation\framework-foundation.spec.ts" time="3.561">
<system-out>
<![CDATA[🎮 GAME LOGIC: 🎮 NameBlameModule.init() called with provider: null
🎮 GAME LOGIC: 🎮 Created new StaticListProvider with 5 questions
🎮 GAME LOGIC: 🎮 Set window.gameQuestions to 5 questions
🎮 GAME LOGIC: 🎮 Set window.gameCategories to 5 categories
🎮 GAME LOGIC: 🎮 Entering intro phase - resetting provider state
🎮 GAME LOGIC: 🎮 Entering intro phase - resetting provider state
⚡ PERFORMANCE: loadTime = 539ms
🌐 DATA FLOW: Framework initialized
   Data: Framework components detected
🎯 USER ACTION: Start button found
🎯 USER ACTION: Start button clicked successfully
📊 TEST REPORT: framework-start-button
   Duration: 2956ms
   User Actions: 2
   State Changes: 0
   Errors: 0
   Screenshots: 0
   Avg Interaction Time: 0ms
]]>
</system-out>
</testcase>
<testcase name="Framework Foundation Tests › should have working translation system" classname="foundation\framework-foundation.spec.ts" time="1.539">
<system-out>
<![CDATA[🎮 GAME LOGIC: 🎮 NameBlameModule.init() called with provider: null
🎮 GAME LOGIC: 🎮 Created new StaticListProvider with 5 questions
🎮 GAME LOGIC: 🎮 Set window.gameQuestions to 5 questions
🎮 GAME LOGIC: 🎮 Set window.gameCategories to 5 categories
🎮 GAME LOGIC: 🎮 Entering intro phase - resetting provider state
🎮 GAME LOGIC: 🎮 Entering intro phase - resetting provider state
⚡ PERFORMANCE: loadTime = 545ms
🌐 DATA FLOW: Framework initialized
   Data: Framework components detected
🌐 DATA FLOW: Framework translation system check
   Data: { translationsWorking: [33mtrue[39m }
🎮 GAME LOGIC: Current language detected
   Data: { language: [32m'de'[39m }
📊 TEST REPORT: framework-translations
   Duration: 908ms
   User Actions: 0
   State Changes: 0
   Errors: 0
   Screenshots: 0
   Avg Interaction Time: 0ms
]]>
</system-out>
</testcase>
<testcase name="Framework Foundation Tests › should handle framework content loading" classname="foundation\framework-foundation.spec.ts" time="1.566">
<system-out>
<![CDATA[🎮 GAME LOGIC: 🎮 NameBlameModule.init() called with provider: null
🎮 GAME LOGIC: 🎮 Created new StaticListProvider with 5 questions
🎮 GAME LOGIC: 🎮 Set window.gameQuestions to 5 questions
🎮 GAME LOGIC: 🎮 Set window.gameCategories to 5 categories
🎮 GAME LOGIC: 🎮 Entering intro phase - resetting provider state
🎮 GAME LOGIC: 🎮 Entering intro phase - resetting provider state
⚡ PERFORMANCE: loadTime = 556ms
🌐 DATA FLOW: Framework initialized
   Data: Framework components detected
🌐 DATA FLOW: Framework content check
   Data: { contentAvailable: [33mfalse[39m }
🎮 GAME LOGIC: Framework content check completed
   Data: { available: [33mfalse[39m }
📊 TEST REPORT: framework-content-loading
   Duration: 899ms
   User Actions: 0
   State Changes: 0
   Errors: 0
   Screenshots: 0
   Avg Interaction Time: 0ms
]]>
</system-out>
</testcase>
<testcase name="Framework Foundation Tests › should maintain responsive layout" classname="foundation\framework-foundation.spec.ts" time="5.462">
<system-out>
<![CDATA[🎮 GAME LOGIC: 🎮 NameBlameModule.init() called with provider: null
🎮 GAME LOGIC: 🎮 Created new StaticListProvider with 5 questions
🎮 GAME LOGIC: 🎮 Set window.gameQuestions to 5 questions
🎮 GAME LOGIC: 🎮 Set window.gameCategories to 5 categories
🎮 GAME LOGIC: 🎮 Entering intro phase - resetting provider state
🎮 GAME LOGIC: 🎮 Entering intro phase - resetting provider state
⚡ PERFORMANCE: loadTime = 548ms
🌐 DATA FLOW: Framework initialized
   Data: Framework components detected
🎯 USER ACTION: Testing desktop viewport
🎮 GAME LOGIC: desktop layout working
📸 SCREENSHOT: framework-responsive-layout-framework-desktop-1758544803508.png
🎯 USER ACTION: Testing tablet viewport
🎮 GAME LOGIC: tablet layout working
📸 SCREENSHOT: framework-responsive-layout-framework-tablet-1758544804702.png
🎯 USER ACTION: Testing mobile viewport
🎮 GAME LOGIC: mobile layout working
📸 SCREENSHOT: framework-responsive-layout-framework-mobile-1758544805543.png
📊 TEST REPORT: framework-responsive-layout
   Duration: 3641ms
   User Actions: 3
   State Changes: 0
   Errors: 0
   Screenshots: 3
   Avg Interaction Time: 0ms
]]>
</system-out>
</testcase>
</testsuite>
<testsuite name="foundation\local-storage.spec.ts" timestamp="2025-09-22T12:39:49.590Z" hostname="foundation-tests" tests="8" failures="2" skipped="0" time="15.239" errors="0">
<testcase name="Foundation: Local Storage › should save and retrieve game settings" classname="foundation\local-storage.spec.ts" time="2.603">
<system-out>
<![CDATA[🎮 GAME LOGIC: 🎮 NameBlameModule.init() called with provider: null
🎮 GAME LOGIC: 🎮 Created new StaticListProvider with 5 questions
🎮 GAME LOGIC: 🎮 Set window.gameQuestions to 5 questions
🎮 GAME LOGIC: 🎮 Set window.gameCategories to 5 categories
🎮 GAME LOGIC: 🎮 Entering intro phase - resetting provider state
🎮 GAME LOGIC: 🎮 Entering intro phase - resetting provider state
⚡ PERFORMANCE: loadTime = 535ms
💾 PERSISTENCE: localStorage write (gameSettings)
   Value: { language: [32m'de'[39m, soundEnabled: [33mtrue[39m, volume: [33m0.8[39m, theme: [32m'dark'[39m }
💾 PERSISTENCE: Game settings saved (gameSettings)
   Value: { language: [32m'de'[39m, soundEnabled: [33mtrue[39m, volume: [33m0.8[39m, theme: [32m'dark'[39m }
💾 PERSISTENCE: localStorage read (gameSettings)
   Value: {"language":"de","soundEnabled":true,"volume":0.8,"theme":"dark"}
💾 PERSISTENCE: Game settings retrieved and verified
📊 TEST REPORT: local-storage-settings
   Duration: 1048ms
   User Actions: 0
   State Changes: 0
   Errors: 0
   Screenshots: 0
   Avg Interaction Time: 0ms
]]>
</system-out>
</testcase>
<testcase name="Foundation: Local Storage › should persist data across page reloads" classname="foundation\local-storage.spec.ts" time="2.272">
<system-out>
<![CDATA[🎮 GAME LOGIC: 🎮 NameBlameModule.init() called with provider: null
🎮 GAME LOGIC: 🎮 Created new StaticListProvider with 5 questions
🎮 GAME LOGIC: 🎮 Set window.gameQuestions to 5 questions
🎮 GAME LOGIC: 🎮 Set window.gameCategories to 5 categories
🎮 GAME LOGIC: 🎮 Entering intro phase - resetting provider state
🎮 GAME LOGIC: 🎮 Entering intro phase - resetting provider state
⚡ PERFORMANCE: loadTime = 556ms
💾 PERSISTENCE: localStorage write (gameState)
   Value: {
  currentQuestion: [33m5[39m,
  totalQuestions: [33m100[39m,
  score: [33m42[39m,
  gameMode: [32m'classic'[39m
}
💾 PERSISTENCE: Game state saved before reload
🎮 GAME LOGIC: 🎮 NameBlameModule.init() called with provider: null
🎮 GAME LOGIC: 🎮 Created new StaticListProvider with 5 questions
🎮 GAME LOGIC: 🎮 Set window.gameQuestions to 5 questions
🎮 GAME LOGIC: 🎮 Set window.gameCategories to 5 categories
🎮 GAME LOGIC: 🎮 Entering intro phase - resetting provider state
🎮 GAME LOGIC: 🎮 Entering intro phase - resetting provider state
⚡ PERFORMANCE: loadTime = 588ms
🎯 USER ACTION: Page reloaded
💾 PERSISTENCE: localStorage read (gameState)
   Value: {"currentQuestion":5,"totalQuestions":100,"score":42,"gameMode":"classic"}
💾 PERSISTENCE: Game state restored after reload
📊 TEST REPORT: local-storage-persistence
   Duration: 1686ms
   User Actions: 1
   State Changes: 0
   Errors: 0
   Screenshots: 0
   Avg Interaction Time: 0ms
]]>
</system-out>
</testcase>
<testcase name="Foundation: Local Storage › should handle localStorage quota limits gracefully" classname="foundation\local-storage.spec.ts" time="1.554">
<system-out>
<![CDATA[🎮 GAME LOGIC: 🎮 NameBlameModule.init() called with provider: null
🎮 GAME LOGIC: 🎮 Created new StaticListProvider with 5 questions
🎮 GAME LOGIC: 🎮 Set window.gameQuestions to 5 questions
🎮 GAME LOGIC: 🎮 Set window.gameCategories to 5 categories
🎮 GAME LOGIC: 🎮 Entering intro phase - resetting provider state
🎮 GAME LOGIC: 🎮 Entering intro phase - resetting provider state
⚡ PERFORMANCE: loadTime = 563ms
💾 PERSISTENCE: Quota test completed (quotaTest)
   Value: {
  beforeSize: [33m1014[39m,
  afterSize: [33m4195318[39m,
  quotaReached: [33mtrue[39m,
  errorOccurred: [33mtrue[39m
}
📊 TEST REPORT: local-storage-quota-limits
   Duration: 990ms
   User Actions: 0
   State Changes: 0
   Errors: 0
   Screenshots: 0
   Avg Interaction Time: 0ms
]]>
</system-out>
</testcase>
<testcase name="Foundation: Local Storage › should recover from corrupted localStorage data" classname="foundation\local-storage.spec.ts" time="0.318">
<failure message="local-storage.spec.ts:143:7 should recover from corrupted localStorage data" type="FAILURE">
<![CDATA[  [foundation-tests] › foundation\local-storage.spec.ts:143:7 › Foundation: Local Storage › should recover from corrupted localStorage data 

    Error: page.evaluate: SecurityError: Failed to read the 'localStorage' property from 'Window': Access is denied for this document.
        at UtilityScript.evaluate (<anonymous>:293:16)
        at UtilityScript.<anonymous> (<anonymous>:1:44)
        at UtilityScript.evaluate (<anonymous>:293:16)
        at UtilityScript.<anonymous> (<anonymous>:1:44)
        at C:\Users\pbziu\OneDrive\Dokumente\Development\blamegame\tests\foundation\local-storage.spec.ts:147:16

    attachment #1: screenshot (image/png) ──────────────────────────────────────────────────────────
    ..\test-results\foundation-local-storage-F-0e452-corrupted-localStorage-data-foundation-tests\test-failed-1.png
    ────────────────────────────────────────────────────────────────────────────────────────────────

    attachment #2: video (video/webm) ──────────────────────────────────────────────────────────────
    ..\test-results\foundation-local-storage-F-0e452-corrupted-localStorage-data-foundation-tests\video.webm
    ────────────────────────────────────────────────────────────────────────────────────────────────
]]>
</failure>
<system-out>
<![CDATA[
[[ATTACHMENT|..\test-results\foundation-local-storage-F-0e452-corrupted-localStorage-data-foundation-tests\test-failed-1.png]]

[[ATTACHMENT|..\test-results\foundation-local-storage-F-0e452-corrupted-localStorage-data-foundation-tests\video.webm]]
]]>
</system-out>
</testcase>
<testcase name="Foundation: Local Storage › should maintain NameBlame player data" classname="foundation\local-storage.spec.ts" time="1.654">
<system-out>
<![CDATA[🎮 GAME LOGIC: 🎮 NameBlameModule.init() called with provider: null
🎮 GAME LOGIC: 🎮 Created new StaticListProvider with 5 questions
🎮 GAME LOGIC: 🎮 Set window.gameQuestions to 5 questions
🎮 GAME LOGIC: 🎮 Set window.gameCategories to 5 categories
🎮 GAME LOGIC: 🎮 Entering intro phase - resetting provider state
🎮 GAME LOGIC: 🎮 Entering intro phase - resetting provider state
⚡ PERFORMANCE: loadTime = 545ms
💾 PERSISTENCE: localStorage write (nameBlamePlayers)
   Value: {
  players: [
    { name: [32m'Alice'[39m, blameCount: [33m3[39m },
    { name: [32m'Bob'[39m, blameCount: [33m1[39m },
    { name: [32m'Charlie'[39m, blameCount: [33m5[39m }
  ],
  currentPlayerIndex: [33m1[39m,
  round: [33m2[39m
}
💾 PERSISTENCE: NameBlame player data saved
💾 PERSISTENCE: localStorage read (nameBlamePlayers)
   Value: {"players":[{"name":"Alice","blameCount":3},{"name":"Bob","blameCount":1},{"name":"Charlie","blameCount":5}],"currentPlayerIndex":1,"round":2}
💾 PERSISTENCE: NameBlame player data verified
💾 PERSISTENCE: localStorage write (nameBlamePlayers)
   Value: {
  players: [
    { name: [32m'Alice'[39m, blameCount: [33m4[39m },
    { name: [32m'Bob'[39m, blameCount: [33m1[39m },
    { name: [32m'Charlie'[39m, blameCount: [33m5[39m }
  ],
  currentPlayerIndex: [33m1[39m,
  round: [33m2[39m
}
💾 PERSISTENCE: Player data updated
💾 PERSISTENCE: localStorage read (nameBlamePlayers)
   Value: {"players":[{"name":"Alice","blameCount":4},{"name":"Bob","blameCount":1},{"name":"Charlie","blameCount":5}],"currentPlayerIndex":1,"round":2}
📊 TEST REPORT: local-storage-nameblame-data
   Duration: 937ms
   User Actions: 0
   State Changes: 0
   Errors: 0
   Screenshots: 0
   Avg Interaction Time: 0ms
]]>
</system-out>
</testcase>
<testcase name="Foundation: Local Storage › should handle concurrent localStorage operations" classname="foundation\local-storage.spec.ts" time="1.53">
<system-out>
<![CDATA[🎮 GAME LOGIC: 🎮 NameBlameModule.init() called with provider: null
🎮 GAME LOGIC: 🎮 Created new StaticListProvider with 5 questions
🎮 GAME LOGIC: 🎮 Set window.gameQuestions to 5 questions
🎮 GAME LOGIC: 🎮 Set window.gameCategories to 5 categories
🎮 GAME LOGIC: 🎮 Entering intro phase - resetting provider state
🎮 GAME LOGIC: 🎮 Entering intro phase - resetting provider state
⚡ PERFORMANCE: loadTime = 560ms
💾 PERSISTENCE: Concurrent operations completed (concurrent)
   Value: { total: [33m20[39m, successful: [33m20[39m }
📊 TEST REPORT: local-storage-concurrent-operations
   Duration: 979ms
   User Actions: 0
   State Changes: 0
   Errors: 0
   Screenshots: 0
   Avg Interaction Time: 0ms
]]>
</system-out>
</testcase>
<testcase name="Foundation: Local Storage › should preserve language preferences correctly" classname="foundation\local-storage.spec.ts" time="3.012">
<failure message="local-storage.spec.ts:288:7 should preserve language preferences correctly" type="FAILURE">
<![CDATA[  [foundation-tests] › foundation\local-storage.spec.ts:288:7 › Foundation: Local Storage › should preserve language preferences correctly 

    Error: expect(received).toBe(expected) // Object.is equality

    Expected: "en"
    Received: "de"

      306 |       // Check if language was restored
      307 |       const restoredLang = await tracker.checkLocalStorage('i18nextLng');
    > 308 |       expect(restoredLang).toBe(lang);
          |                            ^
      309 |       tracker.logPersistence(`Language ${lang} restored correctly`);
      310 |     }
      311 |     
        at C:\Users\pbziu\OneDrive\Dokumente\Development\blamegame\tests\foundation\local-storage.spec.ts:308:28

    attachment #1: screenshot (image/png) ──────────────────────────────────────────────────────────
    ..\test-results\foundation-local-storage-F-58e1e-guage-preferences-correctly-foundation-tests\test-failed-1.png
    ────────────────────────────────────────────────────────────────────────────────────────────────

    attachment #2: video (video/webm) ──────────────────────────────────────────────────────────────
    ..\test-results\foundation-local-storage-F-58e1e-guage-preferences-correctly-foundation-tests\video.webm
    ────────────────────────────────────────────────────────────────────────────────────────────────

    Error Context: ..\test-results\foundation-local-storage-F-58e1e-guage-preferences-correctly-foundation-tests\error-context.md
]]>
</failure>
<system-out>
<![CDATA[🎮 GAME LOGIC: 🎮 NameBlameModule.init() called with provider: null
🎮 GAME LOGIC: 🎮 Created new StaticListProvider with 5 questions
🎮 GAME LOGIC: 🎮 Set window.gameQuestions to 5 questions
🎮 GAME LOGIC: 🎮 Set window.gameCategories to 5 categories
🎮 GAME LOGIC: 🎮 Entering intro phase - resetting provider state
🎮 GAME LOGIC: 🎮 Entering intro phase - resetting provider state
⚡ PERFORMANCE: loadTime = 562ms
💾 PERSISTENCE: localStorage write (i18nextLng)
   Value: de
💾 PERSISTENCE: Language preference set to de
🎮 GAME LOGIC: 🎮 NameBlameModule.init() called with provider: null
🎮 GAME LOGIC: 🎮 Created new StaticListProvider with 5 questions
🎮 GAME LOGIC: 🎮 Set window.gameQuestions to 5 questions
🎮 GAME LOGIC: 🎮 Set window.gameCategories to 5 categories
🎮 GAME LOGIC: 🎮 Entering intro phase - resetting provider state
🎮 GAME LOGIC: 🎮 Entering intro phase - resetting provider state
⚡ PERFORMANCE: loadTime = 560ms
💾 PERSISTENCE: localStorage read (i18nextLng)
   Value: de
💾 PERSISTENCE: Language de restored correctly
💾 PERSISTENCE: localStorage write (i18nextLng)
   Value: en
💾 PERSISTENCE: Language preference set to en
🎮 GAME LOGIC: 🎮 NameBlameModule.init() called with provider: null
🎮 GAME LOGIC: 🎮 Created new StaticListProvider with 5 questions
🎮 GAME LOGIC: 🎮 Set window.gameQuestions to 5 questions
🎮 GAME LOGIC: 🎮 Set window.gameCategories to 5 categories
🎮 GAME LOGIC: 🎮 Entering intro phase - resetting provider state
🎮 GAME LOGIC: 🎮 Entering intro phase - resetting provider state
⚡ PERFORMANCE: loadTime = 522ms
💾 PERSISTENCE: localStorage read (i18nextLng)
   Value: de

[[ATTACHMENT|..\test-results\foundation-local-storage-F-58e1e-guage-preferences-correctly-foundation-tests\test-failed-1.png]]

[[ATTACHMENT|..\test-results\foundation-local-storage-F-58e1e-guage-preferences-correctly-foundation-tests\video.webm]]

[[ATTACHMENT|..\test-results\foundation-local-storage-F-58e1e-guage-preferences-correctly-foundation-tests\error-context.md]]
]]>
</system-out>
</testcase>
<testcase name="Foundation: Local Storage › should handle storage cleanup and optimization" classname="foundation\local-storage.spec.ts" time="2.296">
<system-out>
<![CDATA[🎮 GAME LOGIC: 🎮 NameBlameModule.init() called with provider: null
🎮 GAME LOGIC: 🎮 Created new StaticListProvider with 5 questions
🎮 GAME LOGIC: 🎮 Set window.gameQuestions to 5 questions
🎮 GAME LOGIC: 🎮 Set window.gameCategories to 5 categories
🎮 GAME LOGIC: 🎮 Entering intro phase - resetting provider state
🎮 GAME LOGIC: 🎮 Entering intro phase - resetting provider state
⚡ PERFORMANCE: loadTime = 544ms
💾 PERSISTENCE: localStorage write (gameSettings)
   Value: { theme: [32m'dark'[39m }
💾 PERSISTENCE: localStorage write (oldGameState)
   Value: { obsolete: [33mtrue[39m }
💾 PERSISTENCE: localStorage write (soundSettings)
   Value: { volume: [33m0.5[39m }
💾 PERSISTENCE: localStorage write (tempData)
   Value: { temporary: [33mtrue[39m }
💾 PERSISTENCE: localStorage write (userPrefs)
   Value: { lastPlayed: [33m1758544804968[39m }
💾 PERSISTENCE: Test data stored for cleanup test
💾 PERSISTENCE: Cleanup completed (cleanup)
   Value: { beforeCount: [33m8[39m, afterCount: [33m7[39m, removed: [33m1[39m }
💾 PERSISTENCE: localStorage read (gameSettings)
   Value: {"theme":"dark"}
💾 PERSISTENCE: localStorage read (soundSettings)
   Value: {"volume":0.5}
💾 PERSISTENCE: localStorage read (tempData)
📊 TEST REPORT: local-storage-cleanup
   Duration: 924ms
   User Actions: 0
   State Changes: 0
   Errors: 0
   Screenshots: 0
   Avg Interaction Time: 0ms
]]>
</system-out>
</testcase>
</testsuite>
<testsuite name="foundation\question-advancement-debug.spec.ts" timestamp="2025-09-22T12:39:49.590Z" hostname="foundation-tests" tests="1" failures="0" skipped="0" time="19.065" errors="0">
<testcase name="Question Advancement - Debug Test › should advance through questions when clicking next button" classname="foundation\question-advancement-debug.spec.ts" time="19.065">
<system-out>
<![CDATA[🧪 Testing question advancement...
✅ Clicked start button
🔄 In preparing phase, waiting for questions to load...
✅ Question screen detected
📊 Initial progress: 1/5
🔄 Advancement attempt 1...
📝 Before click 1: Frage 1 von 5
🖱️ Clicked next button (attempt 1)
📝 After click 1: Frage 2 von 5
✅ SUCCESS: Question advanced from 1 to 2
📊 Question advancement test completed. Working: true
🔄 Testing new game after completion...
📊 Full test completed successfully
]]>
</system-out>
</testcase>
</testsuite>
<testsuite name="foundation\translation-system.spec.ts" timestamp="2025-09-22T12:39:49.590Z" hostname="foundation-tests" tests="7" failures="4" skipped="0" time="18.257" errors="0">
<testcase name="Foundation: Translation System › should initialize translation system on app load" classname="foundation\translation-system.spec.ts" time="1.601">
<failure message="translation-system.spec.ts:19:7 should initialize translation system on app load" type="FAILURE">
<![CDATA[  [foundation-tests] › foundation\translation-system.spec.ts:19:7 › Foundation: Translation System › should initialize translation system on app load 

    Error: expect(received).toBe(expected) // Object.is equality

    Expected: true
    Received: false

      25 |     // Verify translation system is initialized
      26 |     const translationsWorking = await verifyTranslationSystem(page, tracker);
    > 27 |     expect(translationsWorking).toBe(true);
         |                                 ^
      28 |     
      29 |     // Check that i18n namespace is available
      30 |     const i18nAvailable = await page.evaluate(() => {
        at C:\Users\pbziu\OneDrive\Dokumente\Development\blamegame\tests\foundation\translation-system.spec.ts:27:33

    attachment #1: screenshot (image/png) ──────────────────────────────────────────────────────────
    ..\test-results\foundation-translation-sys-a4d27-nslation-system-on-app-load-foundation-tests\test-failed-1.png
    ────────────────────────────────────────────────────────────────────────────────────────────────

    attachment #2: video (video/webm) ──────────────────────────────────────────────────────────────
    ..\test-results\foundation-translation-sys-a4d27-nslation-system-on-app-load-foundation-tests\video.webm
    ────────────────────────────────────────────────────────────────────────────────────────────────

    Error Context: ..\test-results\foundation-translation-sys-a4d27-nslation-system-on-app-load-foundation-tests\error-context.md
]]>
</failure>
<system-out>
<![CDATA[🎮 GAME LOGIC: 🎮 NameBlameModule.init() called with provider: null
🎮 GAME LOGIC: 🎮 Created new StaticListProvider with 5 questions
🎮 GAME LOGIC: 🎮 Set window.gameQuestions to 5 questions
🎮 GAME LOGIC: 🎮 Set window.gameCategories to 5 categories
🎮 GAME LOGIC: 🎮 Entering intro phase - resetting provider state
🎮 GAME LOGIC: 🎮 Entering intro phase - resetting provider state
⚡ PERFORMANCE: loadTime = 564ms
🌐 DATA FLOW: Translation system check
   Data: { translationsLoaded: [33mfalse[39m }

[[ATTACHMENT|..\test-results\foundation-translation-sys-a4d27-nslation-system-on-app-load-foundation-tests\test-failed-1.png]]

[[ATTACHMENT|..\test-results\foundation-translation-sys-a4d27-nslation-system-on-app-load-foundation-tests\video.webm]]

[[ATTACHMENT|..\test-results\foundation-translation-sys-a4d27-nslation-system-on-app-load-foundation-tests\error-context.md]]
]]>
</system-out>
</testcase>
<testcase name="Foundation: Translation System › should load translations for all supported languages" classname="foundation\translation-system.spec.ts" time="1.631">
<system-out>
<![CDATA[🎮 GAME LOGIC: 🎮 NameBlameModule.init() called with provider: null
🎮 GAME LOGIC: 🎮 Created new StaticListProvider with 5 questions
🎮 GAME LOGIC: 🎮 Set window.gameQuestions to 5 questions
🎮 GAME LOGIC: 🎮 Set window.gameCategories to 5 categories
🎮 GAME LOGIC: 🎮 Entering intro phase - resetting provider state
🎮 GAME LOGIC: 🎮 Entering intro phase - resetting provider state
⚡ PERFORMANCE: loadTime = 547ms
🎯 USER ACTION: Testing language on de
🌐 DATA FLOW: Language change not available
   Data: { language: [32m'de'[39m }
🎯 USER ACTION: Testing language on en
🌐 DATA FLOW: Language change not available
   Data: { language: [32m'en'[39m }
🎯 USER ACTION: Testing language on es
🌐 DATA FLOW: Language change not available
   Data: { language: [32m'es'[39m }
🎯 USER ACTION: Testing language on fr
🌐 DATA FLOW: Language change not available
   Data: { language: [32m'fr'[39m }
📊 TEST REPORT: translation-system-languages
   Duration: 899ms
   User Actions: 4
   State Changes: 0
   Errors: 0
   Screenshots: 0
   Avg Interaction Time: 0ms
]]>
</system-out>
</testcase>
<testcase name="Foundation: Translation System › should translate UI elements correctly" classname="foundation\translation-system.spec.ts" time="4.549">
<system-out>
<![CDATA[🎮 GAME LOGIC: 🎮 NameBlameModule.init() called with provider: null
🎮 GAME LOGIC: 🎮 Created new StaticListProvider with 5 questions
🎮 GAME LOGIC: 🎮 Set window.gameQuestions to 5 questions
🎮 GAME LOGIC: 🎮 Set window.gameCategories to 5 categories
🎮 GAME LOGIC: 🎮 Entering intro phase - resetting provider state
🎮 GAME LOGIC: 🎮 Entering intro phase - resetting provider state
⚡ PERFORMANCE: loadTime = 573ms
🌐 DATA FLOW: German translation found
   Data: { key: [32m'start'[39m, expectedGerman: [32m'Spiel'[39m }
🌐 DATA FLOW: English translation found
   Data: { key: [32m'start'[39m, expectedGerman: [32m'Spiel'[39m }
🌐 DATA FLOW: German translation not found
   Data: { key: [32m'settings'[39m, expectedGerman: [32m'Einstellungen'[39m }
🌐 DATA FLOW: English translation not found
   Data: { key: [32m'settings'[39m, expectedGerman: [32m'Einstellungen'[39m }
🌐 DATA FLOW: German translation not found
   Data: { key: [32m'question'[39m, expectedGerman: [32m'Frage'[39m }
🌐 DATA FLOW: English translation not found
   Data: { key: [32m'question'[39m, expectedGerman: [32m'Frage'[39m }
📊 TEST REPORT: translation-system-ui
   Duration: 4144ms
   User Actions: 0
   State Changes: 0
   Errors: 0
   Screenshots: 0
   Avg Interaction Time: 0ms
]]>
</system-out>
</testcase>
<testcase name="Foundation: Translation System › should handle missing translations gracefully" classname="foundation\translation-system.spec.ts" time="1.761">
<system-out>
<![CDATA[🎮 GAME LOGIC: 🎮 NameBlameModule.init() called with provider: null
🎮 GAME LOGIC: 🎮 Created new StaticListProvider with 5 questions
🎮 GAME LOGIC: 🎮 Set window.gameQuestions to 5 questions
🎮 GAME LOGIC: 🎮 Set window.gameCategories to 5 categories
🎮 GAME LOGIC: 🎮 Entering intro phase - resetting provider state
🎮 GAME LOGIC: 🎮 Entering intro phase - resetting provider state
⚡ PERFORMANCE: loadTime = 551ms
🌐 DATA FLOW: Fallback behavior test
   Data: { available: [33mfalse[39m }
📊 TEST REPORT: translation-system-fallback
   Duration: 866ms
   User Actions: 0
   State Changes: 0
   Errors: 0
   Screenshots: 0
   Avg Interaction Time: 0ms
]]>
</system-out>
</testcase>
<testcase name="Foundation: Translation System › should maintain language preference in localStorage" classname="foundation\translation-system.spec.ts" time="3.097">
<failure message="translation-system.spec.ts:177:7 should maintain language preference in localStorage" type="FAILURE">
<![CDATA[  [foundation-tests] › foundation\translation-system.spec.ts:177:7 › Foundation: Translation System › should maintain language preference in localStorage 

    Error: expect(received).toContain(expected) // indexOf

    Expected value: "unknown"
    Received array: ["es", "de", "en", "fr"]

      208 |     
      209 |     // Language should be maintained or fall back to browser default
    > 210 |     expect(['es', 'de', 'en', 'fr']).toContain(restoredLanguage);
          |                                      ^
      211 |     
      212 |     const report = tracker.generateReport();
      213 |     expect(report.errors.length).toBeLessThan(3);
        at C:\Users\pbziu\OneDrive\Dokumente\Development\blamegame\tests\foundation\translation-system.spec.ts:210:38

    attachment #1: screenshot (image/png) ──────────────────────────────────────────────────────────
    ..\test-results\foundation-translation-sys-89fb2--preference-in-localStorage-foundation-tests\test-failed-1.png
    ────────────────────────────────────────────────────────────────────────────────────────────────

    attachment #2: video (video/webm) ──────────────────────────────────────────────────────────────
    ..\test-results\foundation-translation-sys-89fb2--preference-in-localStorage-foundation-tests\video.webm
    ────────────────────────────────────────────────────────────────────────────────────────────────

    Error Context: ..\test-results\foundation-translation-sys-89fb2--preference-in-localStorage-foundation-tests\error-context.md
]]>
</failure>
<system-out>
<![CDATA[🎮 GAME LOGIC: 🎮 NameBlameModule.init() called with provider: null
🎮 GAME LOGIC: 🎮 Created new StaticListProvider with 5 questions
🎮 GAME LOGIC: 🎮 Set window.gameQuestions to 5 questions
🎮 GAME LOGIC: 🎮 Set window.gameCategories to 5 categories
🎮 GAME LOGIC: 🎮 Entering intro phase - resetting provider state
🎮 GAME LOGIC: 🎮 Entering intro phase - resetting provider state
⚡ PERFORMANCE: loadTime = 550ms
🎯 USER ACTION: Changed language to Spanish
💾 PERSISTENCE: localStorage read (i18nextLng)
   Value: de
💾 PERSISTENCE: Language preference stored (i18nextLng)
   Value: de
🎮 GAME LOGIC: 🎮 NameBlameModule.init() called with provider: null
🎮 GAME LOGIC: 🎮 Created new StaticListProvider with 5 questions
🎮 GAME LOGIC: 🎮 Set window.gameQuestions to 5 questions
🎮 GAME LOGIC: 🎮 Set window.gameCategories to 5 categories
🎮 GAME LOGIC: 🎮 Entering intro phase - resetting provider state
🎮 GAME LOGIC: 🎮 Entering intro phase - resetting provider state
⚡ PERFORMANCE: loadTime = 549ms
🎯 USER ACTION: Page reloaded
🌐 DATA FLOW: Language restored after reload
   Data: { language: [32m'unknown'[39m }

[[ATTACHMENT|..\test-results\foundation-translation-sys-89fb2--preference-in-localStorage-foundation-tests\test-failed-1.png]]

[[ATTACHMENT|..\test-results\foundation-translation-sys-89fb2--preference-in-localStorage-foundation-tests\video.webm]]

[[ATTACHMENT|..\test-results\foundation-translation-sys-89fb2--preference-in-localStorage-foundation-tests\error-context.md]]
]]>
</system-out>
</testcase>
<testcase name="Foundation: Translation System › should detect browser language correctly" classname="foundation\translation-system.spec.ts" time="1.375">
<failure message="translation-system.spec.ts:216:7 should detect browser language correctly" type="FAILURE">
<![CDATA[  [foundation-tests] › foundation\translation-system.spec.ts:216:7 › Foundation: Translation System › should detect browser language correctly 

    Error: expect(received).toContain(expected) // indexOf

    Expected value: "unknown"
    Received array: ["de", "en", "es", "fr"]

      238 |     
      239 |     // Should detect German or fall back to supported language
    > 240 |     expect(['de', 'en', 'es', 'fr']).toContain(detectedLanguage);
          |                                      ^
      241 |     
      242 |     const report = tracker.generateReport();
      243 |     expect(report.errors.length).toBeLessThan(3);
        at C:\Users\pbziu\OneDrive\Dokumente\Development\blamegame\tests\foundation\translation-system.spec.ts:240:38

    attachment #1: screenshot (image/png) ──────────────────────────────────────────────────────────
    ..\test-results\foundation-translation-sys-0a106--browser-language-correctly-foundation-tests\test-failed-1.png
    ────────────────────────────────────────────────────────────────────────────────────────────────

    attachment #2: video (video/webm) ──────────────────────────────────────────────────────────────
    ..\test-results\foundation-translation-sys-0a106--browser-language-correctly-foundation-tests\video.webm
    ────────────────────────────────────────────────────────────────────────────────────────────────

    Error Context: ..\test-results\foundation-translation-sys-0a106--browser-language-correctly-foundation-tests\error-context.md
]]>
</failure>
<system-out>
<![CDATA[🎮 GAME LOGIC: 🎮 NameBlameModule.init() called with provider: null
🎮 GAME LOGIC: 🎮 Created new StaticListProvider with 5 questions
🎮 GAME LOGIC: 🎮 Set window.gameQuestions to 5 questions
🎮 GAME LOGIC: 🎮 Set window.gameCategories to 5 categories
🎮 GAME LOGIC: 🎮 Entering intro phase - resetting provider state
🎮 GAME LOGIC: 🎮 Entering intro phase - resetting provider state
⚡ PERFORMANCE: loadTime = 539ms
🌐 DATA FLOW: Browser language detection
   Data: { detected: [32m'unknown'[39m }

[[ATTACHMENT|..\test-results\foundation-translation-sys-0a106--browser-language-correctly-foundation-tests\test-failed-1.png]]

[[ATTACHMENT|..\test-results\foundation-translation-sys-0a106--browser-language-correctly-foundation-tests\video.webm]]

[[ATTACHMENT|..\test-results\foundation-translation-sys-0a106--browser-language-correctly-foundation-tests\error-context.md]]
]]>
</system-out>
</testcase>
<testcase name="Foundation: Translation System › should handle rapid language switching" classname="foundation\translation-system.spec.ts" time="4.243">
<failure message="translation-system.spec.ts:246:7 should handle rapid language switching" type="FAILURE">
<![CDATA[  [foundation-tests] › foundation\translation-system.spec.ts:246:7 › Foundation: Translation System › should handle rapid language switching 

    Error: expect(received).toContain(expected) // indexOf

    Expected value: "unknown"
    Received array: ["de", "en", "es", "fr"]

      276 |     
      277 |     tracker.logDataFlow('Final language after rapid switching', { language: finalLanguage });
    > 278 |     expect(['de', 'en', 'es', 'fr']).toContain(finalLanguage);
          |                                      ^
      279 |     
      280 |     // Check that app is still functional
      281 |     const appStillWorks = await page.locator('body').isVisible();
        at C:\Users\pbziu\OneDrive\Dokumente\Development\blamegame\tests\foundation\translation-system.spec.ts:278:38

    attachment #1: screenshot (image/png) ──────────────────────────────────────────────────────────
    ..\test-results\foundation-translation-sys-94f8a-le-rapid-language-switching-foundation-tests\test-failed-1.png
    ────────────────────────────────────────────────────────────────────────────────────────────────

    attachment #2: video (video/webm) ──────────────────────────────────────────────────────────────
    ..\test-results\foundation-translation-sys-94f8a-le-rapid-language-switching-foundation-tests\video.webm
    ────────────────────────────────────────────────────────────────────────────────────────────────

    Error Context: ..\test-results\foundation-translation-sys-94f8a-le-rapid-language-switching-foundation-tests\error-context.md
]]>
</failure>
<system-out>
<![CDATA[🎮 GAME LOGIC: 🎮 NameBlameModule.init() called with provider: null
🎮 GAME LOGIC: 🎮 Created new StaticListProvider with 5 questions
🎮 GAME LOGIC: 🎮 Set window.gameQuestions to 5 questions
🎮 GAME LOGIC: 🎮 Set window.gameCategories to 5 categories
🎮 GAME LOGIC: 🎮 Entering intro phase - resetting provider state
🎮 GAME LOGIC: 🎮 Entering intro phase - resetting provider state
⚡ PERFORMANCE: loadTime = 546ms
🎯 USER ACTION: Rapid language switch on de
   Details: { iteration: [33m0[39m }
🎯 USER ACTION: Rapid language switch on en
   Details: { iteration: [33m1[39m }
🎯 USER ACTION: Rapid language switch on es
   Details: { iteration: [33m2[39m }
🎯 USER ACTION: Rapid language switch on fr
   Details: { iteration: [33m3[39m }
🎯 USER ACTION: Rapid language switch on de
   Details: { iteration: [33m4[39m }
🎯 USER ACTION: Rapid language switch on en
   Details: { iteration: [33m5[39m }
🎯 USER ACTION: Rapid language switch on es
   Details: { iteration: [33m6[39m }
🎯 USER ACTION: Rapid language switch on fr
   Details: { iteration: [33m7[39m }
🎯 USER ACTION: Rapid language switch on de
   Details: { iteration: [33m8[39m }
🎯 USER ACTION: Rapid language switch on en
   Details: { iteration: [33m9[39m }
🌐 DATA FLOW: Final language after rapid switching
   Data: { language: [32m'unknown'[39m }

[[ATTACHMENT|..\test-results\foundation-translation-sys-94f8a-le-rapid-language-switching-foundation-tests\test-failed-1.png]]

[[ATTACHMENT|..\test-results\foundation-translation-sys-94f8a-le-rapid-language-switching-foundation-tests\video.webm]]

[[ATTACHMENT|..\test-results\foundation-translation-sys-94f8a-le-rapid-language-switching-foundation-tests\error-context.md]]
]]>
</system-out>
</testcase>
</testsuite>
<testsuite name="flows\classic-mode\critical-playability.spec.ts" timestamp="2025-09-22T12:39:49.590Z" hostname="classic-mode-flows" tests="3" failures="0" skipped="3" time="0" errors="0">
<testcase name="Critical Player Experience: Game Playability › players should be able to start the game and see questions" classname="flows\classic-mode\critical-playability.spec.ts" time="0">
<skipped>
</skipped>
</testcase>
<testcase name="Critical Player Experience: Game Playability › should verify question files are accessible" classname="flows\classic-mode\critical-playability.spec.ts" time="0">
<skipped>
</skipped>
</testcase>
<testcase name="Critical Player Experience: Game Playability › should verify app loads without JavaScript errors" classname="flows\classic-mode\critical-playability.spec.ts" time="0">
<skipped>
</skipped>
</testcase>
</testsuite>
<testsuite name="flows\classic-mode\full-classic-flow.spec.ts" timestamp="2025-09-22T12:39:49.590Z" hostname="classic-mode-flows" tests="1" failures="0" skipped="1" time="0" errors="0">
<testcase name="Classic Mode: Full Game Flow › should play through all questions and restart cleanly" classname="flows\classic-mode\full-classic-flow.spec.ts" time="0">
<skipped>
</skipped>
</testcase>
</testsuite>
<testsuite name="flows\classic-mode\quick-start.spec.ts" timestamp="2025-09-22T12:39:49.590Z" hostname="classic-mode-flows" tests="3" failures="0" skipped="3" time="0" errors="0">
<testcase name="Classic Mode: Quick Start Flow › should complete full classic mode game flow" classname="flows\classic-mode\quick-start.spec.ts" time="0">
<skipped>
</skipped>
</testcase>
<testcase name="Classic Mode: Quick Start Flow › should handle rapid question navigation" classname="flows\classic-mode\quick-start.spec.ts" time="0">
<skipped>
</skipped>
</testcase>
<testcase name="Classic Mode: Quick Start Flow › should maintain game state during navigation" classname="flows\classic-mode\quick-start.spec.ts" time="0">
<skipped>
</skipped>
</testcase>
</testsuite>
<testsuite name="flows\classic-mode\user-experience-real.spec.ts" timestamp="2025-09-22T12:39:49.590Z" hostname="classic-mode-flows" tests="2" failures="0" skipped="2" time="0" errors="0">
<testcase name="User Experience: Real Gameplay Test › should allow users to start and play the game successfully" classname="flows\classic-mode\user-experience-real.spec.ts" time="0">
<skipped>
</skipped>
</testcase>
<testcase name="User Experience: Real Gameplay Test › should check if questions are actually loading" classname="flows\classic-mode\user-experience-real.spec.ts" time="0">
<skipped>
</skipped>
</testcase>
</testsuite>
</testsuites>