<testsuites id="" name="" tests="1" failures="0" skipped="0" errors="0" time="9.538786">
<testsuite name="foundation\simple-debug-console.spec.ts" timestamp="2025-09-22T14:29:04.104Z" hostname="foundation-tests" tests="1" failures="0" skipped="0" time="7.337" errors="0">
<testcase name="Debug console output" classname="foundation\simple-debug-console.spec.ts" time="7.337">
<system-out>
<![CDATA[CONSOLE: 🔧 useDarkMode result: {isDark: false, hasToggle: true}
CONSOLE: 🔧 GameShell debug: {showFooter: true, features: Object, darkModeToggle: true, darkModeToggleType: boolean, darkModeToggleStrict: true}
CONSOLE: 🔧 useDarkMode result: {isDark: false, hasToggle: true}
CONSOLE: 🔧 GameShell debug: {showFooter: true, features: Object, darkModeToggle: true, darkModeToggleType: boolean, darkModeToggleStrict: true}
CONSOLE: 🔧 useDarkMode result: {isDark: false, hasToggle: true}
CONSOLE: 🔧 GameShell debug: {showFooter: true, features: Object, darkModeToggle: true, darkModeToggleType: boolean, darkModeToggleStrict: true}
CONSOLE: 🔧 useDarkMode result: {isDark: false, hasToggle: true}
CONSOLE: 🔧 GameShell debug: {showFooter: true, features: Object, darkModeToggle: true, darkModeToggleType: boolean, darkModeToggleStrict: true}
Footer exists: [33mtrue[39m
Footer test element exists: [33mtrue[39m
Footer visible: [33mtrue[39m
Dark mode toggle exists: [33mfalse[39m visible: [33mfalse[39m
Language selector exists: [33mtrue[39m visible: [33mtrue[39m
CONSOLE: 🔧 useDarkMode result: {isDark: false, hasToggle: true}
CONSOLE: 🔧 GameShell debug: {showFooter: true, features: Object, darkModeToggle: true, darkModeToggleType: boolean, darkModeToggleStrict: true}
CONSOLE: 🔧 useDarkMode result: {isDark: false, hasToggle: true}
CONSOLE: 🔧 GameShell debug: {showFooter: true, features: Object, darkModeToggle: true, darkModeToggleType: boolean, darkModeToggleStrict: true}
CONSOLE: 🔧 useDarkMode result: {isDark: false, hasToggle: true}
CONSOLE: 🔧 GameShell debug: {showFooter: true, features: Object, darkModeToggle: true, darkModeToggleType: boolean, darkModeToggleStrict: true}
CONSOLE: 🔧 useDarkMode result: {isDark: false, hasToggle: true}
CONSOLE: 🔧 GameShell debug: {showFooter: true, features: Object, darkModeToggle: true, darkModeToggleType: boolean, darkModeToggleStrict: true}
CONSOLE: 🔧 useDarkMode result: {isDark: false, hasToggle: true}
CONSOLE: 🔧 GameShell debug: {showFooter: true, features: Object, darkModeToggle: true, darkModeToggleType: boolean, darkModeToggleStrict: true}
CONSOLE: 🔧 useDarkMode result: {isDark: false, hasToggle: true}
CONSOLE: 🔧 GameShell debug: {showFooter: true, features: Object, darkModeToggle: true, darkModeToggleType: boolean, darkModeToggleStrict: true}
CONSOLE: 🔧 useDarkMode result: {isDark: false, hasToggle: true}
CONSOLE: 🔧 GameShell debug: {showFooter: true, features: Object, darkModeToggle: true, darkModeToggleType: boolean, darkModeToggleStrict: true}
CONSOLE: 🔧 useDarkMode result: {isDark: false, hasToggle: true}
CONSOLE: 🔧 GameShell debug: {showFooter: true, features: Object, darkModeToggle: true, darkModeToggleType: boolean, darkModeToggleStrict: true}
Footer after start exists: [33mtrue[39m
]]>
</system-out>
</testcase>
</testsuite>
</testsuites>